<?xml version="1.0" encoding="UTF-8"?>
<!-- Generated by org.testng.reporters.JUnitXMLReporter -->
<testsuite hostname="PAVANKUMAR" failures="1" tests="5" name="Test3" time="78.818" errors="0" timestamp="2 Jun 2023 09:50:29 GMT">
  <testcase classname="com.apcfss.tests.PDChallanTest" name="EnterDataAndClickProceedClickSubmitWithManualModeCheckAknowledgePageDetails" time="1.259">
    <failure type="org.openqa.selenium.ElementClickInterceptedException" message="element click intercepted: Element &amp;lt;input name=&amp;quot;departmentLabel&amp;quot; id=&amp;quot;department&amp;quot; class=&amp;quot;form-control input-sm mandatoryField&amp;quot; placeholder=&amp;quot;Department&amp;quot; type=&amp;quot;text&amp;quot; autocomplete=&amp;quot;off&amp;quot; value=&amp;quot;&amp;quot;&amp;gt; is not clickable at point (459, 330). Other element would receive the click: &amp;lt;div class=&amp;quot;fp-container&amp;quot;&amp;gt;...&amp;lt;/div&amp;gt;
  (Session info: chrome=113.0.5672.129)
Build info: version: &amp;apos;3.141.59&amp;apos;, revision: &amp;apos;e82be7d358&amp;apos;, time: &amp;apos;2018-11-14T08:17:03&amp;apos;
System info: host: &amp;apos;PAVANKUMAR&amp;apos;, ip: &amp;apos;172.17.205.58&amp;apos;, os.name: &amp;apos;Windows 11&amp;apos;, os.arch: &amp;apos;amd64&amp;apos;, os.version: &amp;apos;10.0&amp;apos;, java.version: &amp;apos;17.0.4.1&amp;apos;
Driver info: org.openqa.selenium.chrome.ChromeDriver
Capabilities {acceptInsecureCerts: false, browserName: chrome, browserVersion: 113.0.5672.129, chrome: {chromedriverVersion: 113.0.5672.63 (0e1a4471d5ae..., userDataDir: C:\Users\tpkta\AppData\Loca...}, goog:chromeOptions: {debuggerAddress: localhost:59642}, javascriptEnabled: true, networkConnectionEnabled: false, pageLoadStrategy: normal, platform: WINDOWS, platformName: WINDOWS, proxy: Proxy(), setWindowRect: true, strictFileInteractability: false, timeouts: {implicit: 0, pageLoad: 300000, script: 30000}, unhandledPromptBehavior: dismiss and notify, webauthn:extension:credBlob: true, webauthn:extension:largeBlob: true, webauthn:extension:minPinLength: true, webauthn:extension:prf: true, webauthn:virtualAuthenticators: true}
Session ID: 4e2221d9004cdfa6f8111a6f595102bf">
      <![CDATA[org.openqa.selenium.ElementClickInterceptedException: element click intercepted: Element <input name="departmentLabel" id="department" class="form-control input-sm mandatoryField" placeholder="Department" type="text" autocomplete="off" value=""> is not clickable at point (459, 330). Other element would receive the click: <div class="fp-container">...</div>
  (Session info: chrome=113.0.5672.129)
Build info: version: '3.141.59', revision: 'e82be7d358', time: '2018-11-14T08:17:03'
System info: host: 'PAVANKUMAR', ip: '172.17.205.58', os.name: 'Windows 11', os.arch: 'amd64', os.version: '10.0', java.version: '17.0.4.1'
Driver info: org.openqa.selenium.chrome.ChromeDriver
Capabilities {acceptInsecureCerts: false, browserName: chrome, browserVersion: 113.0.5672.129, chrome: {chromedriverVersion: 113.0.5672.63 (0e1a4471d5ae..., userDataDir: C:\Users\tpkta\AppData\Loca...}, goog:chromeOptions: {debuggerAddress: localhost:59642}, javascriptEnabled: true, networkConnectionEnabled: false, pageLoadStrategy: normal, platform: WINDOWS, platformName: WINDOWS, proxy: Proxy(), setWindowRect: true, strictFileInteractability: false, timeouts: {implicit: 0, pageLoad: 300000, script: 30000}, unhandledPromptBehavior: dismiss and notify, webauthn:extension:credBlob: true, webauthn:extension:largeBlob: true, webauthn:extension:minPinLength: true, webauthn:extension:prf: true, webauthn:virtualAuthenticators: true}
Session ID: 4e2221d9004cdfa6f8111a6f595102bf
	at org.openqa.selenium.remote.http.W3CHttpResponseCodec.createException(W3CHttpResponseCodec.java:187)
	at org.openqa.selenium.remote.http.W3CHttpResponseCodec.decode(W3CHttpResponseCodec.java:122)
	at org.openqa.selenium.remote.http.W3CHttpResponseCodec.decode(W3CHttpResponseCodec.java:49)
	at org.openqa.selenium.remote.HttpCommandExecutor.execute(HttpCommandExecutor.java:158)
	at org.openqa.selenium.remote.service.DriverCommandExecutor.execute(DriverCommandExecutor.java:83)
	at org.openqa.selenium.remote.RemoteWebDriver.execute(RemoteWebDriver.java:552)
	at org.openqa.selenium.remote.RemoteWebElement.execute(RemoteWebElement.java:285)
	at org.openqa.selenium.remote.RemoteWebElement.click(RemoteWebElement.java:84)
	at com.apcfss.pages.BasePage.click(BasePage.java:20)
	at com.apcfss.pdchallan.pages.TreasuryInfoPage.clickOnDepartmentTextBox(TreasuryInfoPage.java:26)
	at com.apcfss.tests.PDChallanTest.EnterDataAndClickProceedClickSubmitWithManualModeCheckAknowledgePageDetails(PDChallanTest.java:179)
	at java.base/java.util.concurrent.ThreadPoolExecutor.runWorker(ThreadPoolExecutor.java:1136)
	at java.base/java.util.concurrent.ThreadPoolExecutor$Worker.run(ThreadPoolExecutor.java:635)
	at java.base/java.lang.Thread.run(Thread.java:833)
... Removed 15 stack frames]]>
    </failure>
  </testcase> <!-- EnterDataAndClickProceedClickSubmitWithManualModeCheckAknowledgePageDetails -->
  <testcase classname="com.apcfss.tests.PDChallanTest" name="EnterDataAndClickProceedClickSubmitWithEpay" time="9.366"/>
  <testcase classname="com.apcfss.tests.PDChallanTest" name="EnterDataAndClickProceedClickSubmitWithRtgsStatus" time="8.328"/>
  <testcase classname="com.apcfss.tests.PDChallanTest" name="EnterDataAndClickProceedClickSubmitWithEpayClickSbi" time="18.347"/>
  <testcase classname="com.apcfss.tests.PDChallanTest" name="EnterDataAndClickProceedClickSubmitWithManualModeCheckAknowledgePage" time="75.108"/>
</testsuite> <!-- Test3 -->
