<html>
<head>
<title>TestNG:  Test3</title>
<link href="../testng.css" rel="stylesheet" type="text/css" />
<link href="../my-testng.css" rel="stylesheet" type="text/css" />

<style type="text/css">
.log { display: none;} 
.stack-trace { display: none;} 
</style>
<script type="text/javascript">
<!--
function flip(e) {
  current = e.style.display;
  if (current == 'block') {
    e.style.display = 'none';
    return 0;
  }
  else {
    e.style.display = 'block';
    return 1;
  }
}

function toggleBox(szDivId, elem, msg1, msg2)
{
  var res = -1;  if (document.getElementById) {
    res = flip(document.getElementById(szDivId));
  }
  else if (document.all) {
    // this is the way old msie versions work
    res = flip(document.all[szDivId]);
  }
  if(elem) {
    if(res == 0) elem.innerHTML = msg1; else elem.innerHTML = msg2;
  }

}

function toggleAllBoxes() {
  if (document.getElementsByTagName) {
    d = document.getElementsByTagName('div');
    for (i = 0; i < d.length; i++) {
      if (d[i].className == 'log') {
        flip(d[i]);
      }
    }
  }
}

// -->
</script>

</head>
<body>
<h2 align='center'>Test3</h2><table border='1' align="center">
<tr>
<td>Tests passed/Failed/Skipped:</td><td>4/1/0</td>
</tr><tr>
<td>Started on:</td><td>Fri Jun 02 15:19:10 IST 2023</td>
</tr>
<tr><td>Total time:</td><td>78 seconds (78818 ms)</td>
</tr><tr>
<td>Included groups:</td><td></td>
</tr><tr>
<td>Excluded groups:</td><td></td>
</tr>
</table><p/>
<small><i>(Hover the method name to see the test class name)</i></small><p/>
<table width='100%' border='1' class='invocation-failed'>
<tr><td colspan='4' align='center'><b>FAILED TESTS</b></td></tr>
<tr><td><b>Test method</b></td>
<td width="30%"><b>Exception</b></td>
<td width="10%"><b>Time (seconds)</b></td>
<td><b>Instance</b></td>
</tr>
<tr>
<td title='com.apcfss.tests.PDChallanTest.EnterDataAndClickProceedClickSubmitWithManualModeCheckAknowledgePageDetails()'><b>EnterDataAndClickProceedClickSubmitWithManualModeCheckAknowledgePageDetails</b><br>Test class: com.apcfss.tests.PDChallanTest<br>Test method: Select department and servive details and click on proceed button,Enter require remitter details and click on Submit button--> should be able to navigate to SBI Aknowledgement Page</td>
<td><div><pre>org.openqa.selenium.ElementClickInterceptedException: element click intercepted: Element &lt;input name=&quot;departmentLabel&quot; id=&quot;department&quot; class=&quot;form-control input-sm mandatoryField&quot; placeholder=&quot;Department&quot; type=&quot;text&quot; autocomplete=&quot;off&quot; value=&quot;&quot;&gt; is not clickable at point (459, 330). Other element would receive the click: &lt;div class=&quot;fp-container&quot;&gt;...&lt;/div&gt;
  (Session info: chrome=113.0.5672.129)
Build info: version: &apos;3.141.59&apos;, revision: &apos;e82be7d358&apos;, time: &apos;2018-11-14T08:17:03&apos;
System info: host: &apos;PAVANKUMAR&apos;, ip: &apos;172.17.205.58&apos;, os.name: &apos;Windows 11&apos;, os.arch: &apos;amd64&apos;, os.version: &apos;10.0&apos;, java.version: &apos;17.0.4.1&apos;
Driver info: org.openqa.selenium.chrome.ChromeDriver
Capabilities {acceptInsecureCerts: false, browserName: chrome, browserVersion: 113.0.5672.129, chrome: {chromedriverVersion: 113.0.5672.63 (0e1a4471d5ae..., userDataDir: C:\Users\tpkta\AppData\Loca...}, goog:chromeOptions: {debuggerAddress: localhost:59642}, javascriptEnabled: true, networkConnectionEnabled: false, pageLoadStrategy: normal, platform: WINDOWS, platformName: WINDOWS, proxy: Proxy(), setWindowRect: true, strictFileInteractability: false, timeouts: {implicit: 0, pageLoad: 300000, script: 30000}, unhandledPromptBehavior: dismiss and notify, webauthn:extension:credBlob: true, webauthn:extension:largeBlob: true, webauthn:extension:minPinLength: true, webauthn:extension:prf: true, webauthn:virtualAuthenticators: true}
Session ID: 4e2221d9004cdfa6f8111a6f595102bf
	at org.openqa.selenium.remote.http.W3CHttpResponseCodec.createException(W3CHttpResponseCodec.java:187)
	at org.openqa.selenium.remote.http.W3CHttpResponseCodec.decode(W3CHttpResponseCodec.java:122)
	at org.openqa.selenium.remote.http.W3CHttpResponseCodec.decode(W3CHttpResponseCodec.java:49)
	at org.openqa.selenium.remote.HttpCommandExecutor.execute(HttpCommandExecutor.java:158)
	at org.openqa.selenium.remote.service.DriverCommandExecutor.execute(DriverCommandExecutor.java:83)
	at org.openqa.selenium.remote.RemoteWebDriver.execute(RemoteWebDriver.java:552)
	at org.openqa.selenium.remote.RemoteWebElement.execute(RemoteWebElement.java:285)
	at org.openqa.selenium.remote.RemoteWebElement.click(RemoteWebElement.java:84)
	at com.apcfss.pages.BasePage.click(BasePage.java:20)
	at com.apcfss.pdchallan.pages.TreasuryInfoPage.clickOnDepartmentTextBox(TreasuryInfoPage.java:26)
	at com.apcfss.tests.PDChallanTest.EnterDataAndClickProceedClickSubmitWithManualModeCheckAknowledgePageDetails(PDChallanTest.java:179)
	at java.base/java.util.concurrent.ThreadPoolExecutor.runWorker(ThreadPoolExecutor.java:1136)
	at java.base/java.util.concurrent.ThreadPoolExecutor$Worker.run(ThreadPoolExecutor.java:635)
	at java.base/java.lang.Thread.run(Thread.java:833)
... Removed 15 stack frames</pre></div><a href='#' onClick='toggleBox("stack-trace1973566816", this, "Click to show all stack frames", "Click to hide stack frames")'>Click to show all stack frames</a>
<div class='stack-trace' id='stack-trace1973566816'><pre>org.openqa.selenium.ElementClickInterceptedException: element click intercepted: Element &lt;input name=&quot;departmentLabel&quot; id=&quot;department&quot; class=&quot;form-control input-sm mandatoryField&quot; placeholder=&quot;Department&quot; type=&quot;text&quot; autocomplete=&quot;off&quot; value=&quot;&quot;&gt; is not clickable at point (459, 330). Other element would receive the click: &lt;div class=&quot;fp-container&quot;&gt;...&lt;/div&gt;
  (Session info: chrome=113.0.5672.129)
Build info: version: &apos;3.141.59&apos;, revision: &apos;e82be7d358&apos;, time: &apos;2018-11-14T08:17:03&apos;
System info: host: &apos;PAVANKUMAR&apos;, ip: &apos;172.17.205.58&apos;, os.name: &apos;Windows 11&apos;, os.arch: &apos;amd64&apos;, os.version: &apos;10.0&apos;, java.version: &apos;17.0.4.1&apos;
Driver info: org.openqa.selenium.chrome.ChromeDriver
Capabilities {acceptInsecureCerts: false, browserName: chrome, browserVersion: 113.0.5672.129, chrome: {chromedriverVersion: 113.0.5672.63 (0e1a4471d5ae..., userDataDir: C:\Users\tpkta\AppData\Loca...}, goog:chromeOptions: {debuggerAddress: localhost:59642}, javascriptEnabled: true, networkConnectionEnabled: false, pageLoadStrategy: normal, platform: WINDOWS, platformName: WINDOWS, proxy: Proxy(), setWindowRect: true, strictFileInteractability: false, timeouts: {implicit: 0, pageLoad: 300000, script: 30000}, unhandledPromptBehavior: dismiss and notify, webauthn:extension:credBlob: true, webauthn:extension:largeBlob: true, webauthn:extension:minPinLength: true, webauthn:extension:prf: true, webauthn:virtualAuthenticators: true}
Session ID: 4e2221d9004cdfa6f8111a6f595102bf
	at java.base/jdk.internal.reflect.NativeConstructorAccessorImpl.newInstance0(Native Method)
	at java.base/jdk.internal.reflect.NativeConstructorAccessorImpl.newInstance(NativeConstructorAccessorImpl.java:77)
	at java.base/jdk.internal.reflect.DelegatingConstructorAccessorImpl.newInstance(DelegatingConstructorAccessorImpl.java:45)
	at java.base/java.lang.reflect.Constructor.newInstanceWithCaller(Constructor.java:499)
	at java.base/java.lang.reflect.Constructor.newInstance(Constructor.java:480)
	at org.openqa.selenium.remote.http.W3CHttpResponseCodec.createException(W3CHttpResponseCodec.java:187)
	at org.openqa.selenium.remote.http.W3CHttpResponseCodec.decode(W3CHttpResponseCodec.java:122)
	at org.openqa.selenium.remote.http.W3CHttpResponseCodec.decode(W3CHttpResponseCodec.java:49)
	at org.openqa.selenium.remote.HttpCommandExecutor.execute(HttpCommandExecutor.java:158)
	at org.openqa.selenium.remote.service.DriverCommandExecutor.execute(DriverCommandExecutor.java:83)
	at org.openqa.selenium.remote.RemoteWebDriver.execute(RemoteWebDriver.java:552)
	at org.openqa.selenium.remote.RemoteWebElement.execute(RemoteWebElement.java:285)
	at org.openqa.selenium.remote.RemoteWebElement.click(RemoteWebElement.java:84)
	at com.apcfss.pages.BasePage.click(BasePage.java:20)
	at com.apcfss.pdchallan.pages.TreasuryInfoPage.clickOnDepartmentTextBox(TreasuryInfoPage.java:26)
	at com.apcfss.tests.PDChallanTest.EnterDataAndClickProceedClickSubmitWithManualModeCheckAknowledgePageDetails(PDChallanTest.java:179)
	at java.base/jdk.internal.reflect.NativeMethodAccessorImpl.invoke0(Native Method)
	at java.base/jdk.internal.reflect.NativeMethodAccessorImpl.invoke(NativeMethodAccessorImpl.java:77)
	at java.base/jdk.internal.reflect.DelegatingMethodAccessorImpl.invoke(DelegatingMethodAccessorImpl.java:43)
	at java.base/java.lang.reflect.Method.invoke(Method.java:568)
	at org.testng.internal.MethodInvocationHelper.invokeMethod(MethodInvocationHelper.java:85)
	at org.testng.internal.Invoker.invokeMethod(Invoker.java:639)
	at org.testng.internal.Invoker.invokeTestMethod(Invoker.java:816)
	at org.testng.internal.Invoker.invokeTestMethods(Invoker.java:1124)
	at org.testng.internal.TestMethodWorker.invokeTestMethods(TestMethodWorker.java:125)
	at org.testng.internal.TestMethodWorker.run(TestMethodWorker.java:108)
	at java.base/java.util.concurrent.ThreadPoolExecutor.runWorker(ThreadPoolExecutor.java:1136)
	at java.base/java.util.concurrent.ThreadPoolExecutor$Worker.run(ThreadPoolExecutor.java:635)
	at java.base/java.lang.Thread.run(Thread.java:833)
</pre></div></td>
<td>1</td>
<td>com.apcfss.tests.PDChallanTest@589da3f3</td></tr>
</table><p>
<table width='100%' border='1' class='invocation-passed'>
<tr><td colspan='4' align='center'><b>PASSED TESTS</b></td></tr>
<tr><td><b>Test method</b></td>
<td width="30%"><b>Exception</b></td>
<td width="10%"><b>Time (seconds)</b></td>
<td><b>Instance</b></td>
</tr>
<tr>
<td title='com.apcfss.tests.PDChallanTest.EnterDataAndClickProceedClickSubmitWithEpay()'><b>EnterDataAndClickProceedClickSubmitWithEpay</b><br>Test class: com.apcfss.tests.PDChallanTest<br>Test method: Select department and servive details and click on proceed button,Enter require remitter details and click on Submit button--> should be able to navigate to different page<br/>
<a href="#Output-746407048" onClick='toggleBox("Output-746407048", this, "Show output", "Hide output");'>Show output</a>

<a href="#Output-746407048" onClick="toggleAllBoxes();">Show all outputs</a>
<div class='log' id="Output-746407048">
Submit Button is Clicked successfully with E Payment Mode radio button<br/>
</div>
</td>
<td></td>
<td>9</td>
<td>com.apcfss.tests.PDChallanTest@589da3f3</td></tr>
<tr>
<td title='com.apcfss.tests.PDChallanTest.EnterDataAndClickProceedClickSubmitWithEpayClickSbi()'><b>EnterDataAndClickProceedClickSubmitWithEpayClickSbi</b><br>Test class: com.apcfss.tests.PDChallanTest<br>Test method: Select department and servive details and click on proceed button,Enter require remitter details and click on Submit button--> should be able to navigate to Sbi Mops Page<br/>
<a href="#Output-762628995" onClick='toggleBox("Output-762628995", this, "Show output", "Hide output");'>Show output</a>

<a href="#Output-762628995" onClick="toggleAllBoxes();">Show all outputs</a>
<div class='log' id="Output-762628995">
Submit Button is Clicked successfully with E Payment Mode radio button and navigated to sbi mops page<br/>
</div>
</td>
<td></td>
<td>18</td>
<td>com.apcfss.tests.PDChallanTest@589da3f3</td></tr>
<tr>
<td title='com.apcfss.tests.PDChallanTest.EnterDataAndClickProceedClickSubmitWithManualModeCheckAknowledgePage()'><b>EnterDataAndClickProceedClickSubmitWithManualModeCheckAknowledgePage</b><br>Test class: com.apcfss.tests.PDChallanTest<br>Test method: Select department and servive details and click on proceed button,Enter require remitter details and click on Submit button--> should be able to navigate to SBI Aknowledgement Page<br/>
<a href="#Output-689810526" onClick='toggleBox("Output-689810526", this, "Show output", "Hide output");'>Show output</a>

<a href="#Output-689810526" onClick="toggleAllBoxes();">Show all outputs</a>
<div class='log' id="Output-689810526">
Successfully Navigated to SBI Aknowledgement Page<br/>
</div>
</td>
<td></td>
<td>75</td>
<td>com.apcfss.tests.PDChallanTest@589da3f3</td></tr>
<tr>
<td title='com.apcfss.tests.PDChallanTest.EnterDataAndClickProceedClickSubmitWithRtgsStatus()'><b>EnterDataAndClickProceedClickSubmitWithRtgsStatus</b><br>Test class: com.apcfss.tests.PDChallanTest<br>Test method: Select department and servive details and click on proceed button,Enter require remitter details and click on Submit button--> Should Be Clickable<br/>
<a href="#Output-892930261" onClick='toggleBox("Output-892930261", this, "Show output", "Hide output");'>Show output</a>

<a href="#Output-892930261" onClick="toggleAllBoxes();">Show all outputs</a>
<div class='log' id="Output-892930261">
Submit Button is Clicked successfully with RTGS Payment Mode radio button<br/>
</div>
</td>
<td></td>
<td>8</td>
<td>com.apcfss.tests.PDChallanTest@589da3f3</td></tr>
</table><p>
</body>
</html>