{"uuid":"dbcee93b-6a09-424c-b849-0c2403934c4d","historyId":"2b35e9b81433d6a2be2e3fb38fa4d40","fullName":"com.apcfss.tests.NidhiClassIVTest.login","labels":[{"name":"package","value":"com.apcfss.tests.NidhiClassIVTest"},{"name":"testClass","value":"com.apcfss.tests.NidhiClassIVTest"},{"name":"testMethod","value":"login"},{"name":"parentSuite","value":"Default suite"},{"name":"suite","value":"Default test"},{"name":"subSuite","value":"com.apcfss.tests.NidhiClassIVTest"},{"name":"host","value":"PAVANKUMAR"},{"name":"thread","value":"11592@PAVANKUMAR.main(1)"},{"name":"framework","value":"testng"},{"name":"language","value":"java"},{"name":"AS_ID","value":"-1"}],"links":[],"name":"login","status":"broken","statusDetails":{"known":false,"muted":false,"flaky":false,"message":"Expected condition failed: waiting for presence of element located by: By.id: username (tried for 20 second(s) with 500 milliseconds interval)","trace":"org.openqa.selenium.TimeoutException: Expected condition failed: waiting for presence of element located by: By.id: username (tried for 20 second(s) with 500 milliseconds interval)\r\n\tat org.openqa.selenium.support.ui.WebDriverWait.timeoutException(WebDriverWait.java:84)\r\n\tat org.openqa.selenium.support.ui.FluentWait.until(FluentWait.java:230)\r\n\tat com.apcfss.factories.ExplicitWaitFactory.performExplicitWait(ExplicitWaitFactory.java:43)\r\n\tat com.apcfss.classIV.pages.BasePage.sendKeys(BasePage.java:26)\r\n\tat com.apcfss.classIV.pages.NidhiLoginPage.enterUsername(NidhiLoginPage.java:39)\r\n\tat com.apcfss.tests.NidhiClassIVTest.login(NidhiClassIVTest.java:25)\r\n\tat java.base/jdk.internal.reflect.NativeMethodAccessorImpl.invoke0(Native Method)\r\n\tat java.base/jdk.internal.reflect.NativeMethodAccessorImpl.invoke(NativeMethodAccessorImpl.java:77)\r\n\tat java.base/jdk.internal.reflect.DelegatingMethodAccessorImpl.invoke(DelegatingMethodAccessorImpl.java:43)\r\n\tat java.base/java.lang.reflect.Method.invoke(Method.java:568)\r\n\tat org.testng.internal.MethodInvocationHelper.invokeMethod(MethodInvocationHelper.java:85)\r\n\tat org.testng.internal.Invoker.invokeConfigurationMethod(Invoker.java:510)\r\n\tat org.testng.internal.Invoker.invokeConfigurations(Invoker.java:211)\r\n\tat org.testng.internal.Invoker.invokeMethod(Invoker.java:585)\r\n\tat org.testng.internal.Invoker.invokeTestMethod(Invoker.java:816)\r\n\tat org.testng.internal.Invoker.invokeTestMethods(Invoker.java:1124)\r\n\tat org.testng.internal.TestMethodWorker.invokeTestMethods(TestMethodWorker.java:125)\r\n\tat org.testng.internal.TestMethodWorker.run(TestMethodWorker.java:108)\r\n\tat org.testng.TestRunner.privateRun(TestRunner.java:774)\r\n\tat org.testng.TestRunner.run(TestRunner.java:624)\r\n\tat org.testng.SuiteRunner.runTest(SuiteRunner.java:359)\r\n\tat org.testng.SuiteRunner.runSequentially(SuiteRunner.java:354)\r\n\tat org.testng.SuiteRunner.privateRun(SuiteRunner.java:312)\r\n\tat org.testng.SuiteRunner.run(SuiteRunner.java:261)\r\n\tat org.testng.SuiteRunnerWorker.runSuite(SuiteRunnerWorker.java:52)\r\n\tat org.testng.SuiteRunnerWorker.run(SuiteRunnerWorker.java:86)\r\n\tat org.testng.TestNG.runSuitesSequentially(TestNG.java:1191)\r\n\tat org.testng.TestNG.runSuitesLocally(TestNG.java:1116)\r\n\tat org.testng.TestNG.run(TestNG.java:1024)\r\n\tat org.testng.remote.AbstractRemoteTestNG.run(AbstractRemoteTestNG.java:115)\r\n\tat org.testng.remote.RemoteTestNG.initAndRun(RemoteTestNG.java:251)\r\n\tat org.testng.remote.RemoteTestNG.main(RemoteTestNG.java:77)\r\nCaused by: org.openqa.selenium.NoSuchElementException: no such element: Unable to locate element: {\"method\":\"css selector\",\"selector\":\"#username\"}\n  (Session info: chrome=131.0.6778.86)\nFor documentation on this error, please visit: https://www.selenium.dev/documentation/webdriver/troubleshooting/errors#no-such-element-exception\nBuild info: version: '4.11.0', revision: '040bc5406b'\nSystem info: os.name: 'Windows 11', os.arch: 'amd64', os.version: '10.0', java.version: '17.0.4.1'\nDriver info: org.openqa.selenium.chrome.ChromeDriver\nCommand: [3945ae5593f42a44ea749d961d83ede2, findElement {using=id, value=username}]\nCapabilities {acceptInsecureCerts: false, browserName: chrome, browserVersion: 131.0.6778.86, chrome: {chromedriverVersion: 131.0.6778.85 (3d81e41b6f3a..., userDataDir: C:\\Users\\tpkta\\AppData\\Loca...}, fedcm:accounts: true, goog:chromeOptions: {debuggerAddress: localhost:49378}, networkConnectionEnabled: false, pageLoadStrategy: normal, platformName: windows, proxy: Proxy(), se:cdp: ws://localhost:49378/devtoo..., se:cdpVersion: 131.0.6778.86, setWindowRect: true, strictFileInteractability: false, timeouts: {implicit: 0, pageLoad: 300000, script: 30000}, unhandledPromptBehavior: dismiss and notify, webauthn:extension:credBlob: true, webauthn:extension:largeBlob: true, webauthn:extension:minPinLength: true, webauthn:extension:prf: true, webauthn:virtualAuthenticators: true}\nSession ID: 3945ae5593f42a44ea749d961d83ede2\r\n\tat java.base/jdk.internal.reflect.NativeConstructorAccessorImpl.newInstance0(Native Method)\r\n\tat java.base/jdk.internal.reflect.NativeConstructorAccessorImpl.newInstance(NativeConstructorAccessorImpl.java:77)\r\n\tat java.base/jdk.internal.reflect.DelegatingConstructorAccessorImpl.newInstance(DelegatingConstructorAccessorImpl.java:45)\r\n\tat java.base/java.lang.reflect.Constructor.newInstanceWithCaller(Constructor.java:499)\r\n\tat java.base/java.lang.reflect.Constructor.newInstance(Constructor.java:480)\r\n\tat org.openqa.selenium.remote.codec.w3c.W3CHttpResponseCodec.createException(W3CHttpResponseCodec.java:200)\r\n\tat org.openqa.selenium.remote.codec.w3c.W3CHttpResponseCodec.decode(W3CHttpResponseCodec.java:133)\r\n\tat org.openqa.selenium.remote.codec.w3c.W3CHttpResponseCodec.decode(W3CHttpResponseCodec.java:52)\r\n\tat org.openqa.selenium.remote.HttpCommandExecutor.execute(HttpCommandExecutor.java:191)\r\n\tat org.openqa.selenium.remote.service.DriverCommandExecutor.invokeExecute(DriverCommandExecutor.java:196)\r\n\tat org.openqa.selenium.remote.service.DriverCommandExecutor.execute(DriverCommandExecutor.java:171)\r\n\tat org.openqa.selenium.remote.RemoteWebDriver.execute(RemoteWebDriver.java:518)\r\n\tat org.openqa.selenium.remote.ElementLocation$ElementFinder$2.findElement(ElementLocation.java:165)\r\n\tat org.openqa.selenium.remote.ElementLocation.findElement(ElementLocation.java:59)\r\n\tat org.openqa.selenium.remote.RemoteWebDriver.findElement(RemoteWebDriver.java:355)\r\n\tat org.openqa.selenium.remote.RemoteWebDriver.findElement(RemoteWebDriver.java:349)\r\n\tat org.openqa.selenium.support.ui.ExpectedConditions$6.apply(ExpectedConditions.java:171)\r\n\tat org.openqa.selenium.support.ui.ExpectedConditions$6.apply(ExpectedConditions.java:168)\r\n\tat org.openqa.selenium.support.ui.FluentWait.until(FluentWait.java:205)\r\n\t... 30 more\r\n"},"stage":"finished","steps":[],"attachments":[],"parameters":[],"start":1733062573240,"stop":1733062573244}