<!DOCTYPE html PUBLIC "-//W3C//DTD XHTML 1.1//EN" "http://www.w3.org/TR/xhtml11/DTD/xhtml11.dtd">
<html xmlns="http://www.w3.org/1999/xhtml"><head><title>TestNG Report</title><style type="text/css">table {margin-bottom:10px;border-collapse:collapse;empty-cells:show}th,td {border:1px solid #009;padding:.25em .5em}th {vertical-align:bottom}td {vertical-align:top}table a {font-weight:bold}.stripe td {background-color: #E6EBF9}.num {text-align:right}.passedodd td {background-color: #3F3}.passedeven td {background-color: #0A0}.skippedodd td {background-color: #DDD}.skippedeven td {background-color: #CCC}.failedodd td,.attn {background-color: #F33}.failedeven td,.stripe .attn {background-color: #D00}.stacktrace {white-space:pre;font-family:monospace}.totop {font-size:85%;text-align:center;border-bottom:2px solid #000}</style></head><body><table><tr><th>Test</th><th># Passed</th><th># Skipped</th><th># Failed</th><th>Time (ms)</th><th>Included Groups</th><th>Excluded Groups</th></tr><tr><th colspan="7">Default suite</th></tr><tr><td><a href="#t0">Default test</a></td><td class="num">10</td><td class="num">0</td><td class="num attn">5</td><td class="num">268,487</td><td></td><td></td></tr></table><table><thead><tr><th>Class</th><th>Method</th><th>Start</th><th>Time (ms)</th></tr></thead><tbody><tr><th colspan="4">Default suite</th></tr></tbody><tbody id="t0"><tr><th colspan="4">Default test &#8212; failed</th></tr><tr class="failedeven"><td rowspan="5">com.apcfss.tests.PDChallanTest</td><td><a href="#m0">ClickOnServiceInputBox</a></td><td rowspan="1">1686136791469</td><td rowspan="1">1</td></tr><tr class="failedeven"><td><a href="#m1">EnterDataAndClickProceedClickSubmitWithEpayClickPayU</a></td><td rowspan="1">1686136999406</td><td rowspan="1">26051</td></tr><tr class="failedeven"><td><a href="#m2">EnterDataAndClickProceedClickSubmitWithEpayClickSbi</a></td><td rowspan="1">1686137027123</td><td rowspan="1">26428</td></tr><tr class="failedeven"><td><a href="#m3">EnterDataAndClickProceedClickSubmitWithManualModeCheckAknowledgePage</a></td><td rowspan="1">1686136841066</td><td rowspan="1">46681</td></tr><tr class="failedeven"><td><a href="#m4">EnterDataAndClickProceedClickSubmitWithManualModeCheckAknowledgePageDetails</a></td><td rowspan="1">1686136889466</td><td rowspan="1">81425</td></tr><tr><th colspan="4">Default test &#8212; passed</th></tr><tr class="passedeven"><td rowspan="10">com.apcfss.tests.PDChallanTest</td><td><a href="#m5">ClickOnDepartmentInputBox</a></td><td rowspan="1">1686136788928</td><td rowspan="1">1137</td></tr><tr class="passedeven"><td><a href="#m6">EnterDataAndClickProceedClickPreviousWithEpay</a></td><td rowspan="1">1686136811372</td><td rowspan="1">5498</td></tr><tr class="passedeven"><td><a href="#m7">EnterDataAndClickProceedClickPreviousWithManualMode</a></td><td rowspan="1">1686136797040</td><td rowspan="1">5699</td></tr><tr class="passedeven"><td><a href="#m8">EnterDataAndClickProceedClickPreviousWithRtgs</a></td><td rowspan="1">1686136804416</td><td rowspan="1">5557</td></tr><tr class="passedeven"><td><a href="#m9">EnterDataAndClickProceedClickSubmitWithEpay</a></td><td rowspan="1">1686136832750</td><td rowspan="1">6418</td></tr><tr class="passedeven"><td><a href="#m10">EnterDataAndClickProceedClickSubmitWithManualMode</a></td><td rowspan="1">1686136818392</td><td rowspan="1">5706</td></tr><tr class="passedeven"><td><a href="#m11">EnterDataAndClickProceedClickSubmitWithRtgs</a></td><td rowspan="1">1686136825610</td><td rowspan="1">5657</td></tr><tr class="passedeven"><td><a href="#m12">EnterDataAndClickProceedClickSubmitWithRtgsStatus</a></td><td rowspan="1">1686136972510</td><td rowspan="1">25270</td></tr><tr class="passedeven"><td><a href="#m13">EnterRequiredDataAndClickOnProceed</a></td><td rowspan="1">1686136793139</td><td rowspan="1">2419</td></tr><tr class="passedeven"><td><a href="#m14">verifyModuleLogoAndTitle</a></td><td rowspan="1">1686136787342</td><td rowspan="1">64</td></tr></tbody></table><h2>Default test</h2><h3 id="m0">com.apcfss.tests.PDChallanTest#ClickOnServiceInputBox</h3><table class="result"><tr><th>Exception</th></tr><tr><td><div class="stacktrace">java.lang.NullPointerException: Cannot invoke &quot;org.openqa.selenium.SearchContext.findElement(org.openqa.selenium.By)&quot; because &quot;this.searchContext&quot; is null
	at org.openqa.selenium.support.pagefactory.DefaultElementLocator.findElement(DefaultElementLocator.java:69)
	at org.openqa.selenium.support.pagefactory.internal.LocatingElementHandler.invoke(LocatingElementHandler.java:38)
	at jdk.proxy2/jdk.proxy2.$Proxy10.isDisplayed(Unknown Source)
	at org.openqa.selenium.support.ui.ExpectedConditions.isInvisible(ExpectedConditions.java:1348)
	at org.openqa.selenium.support.ui.ExpectedConditions.access$200(ExpectedConditions.java:43)
	at org.openqa.selenium.support.ui.ExpectedConditions$46.apply(ExpectedConditions.java:1336)
	at org.openqa.selenium.support.ui.ExpectedConditions$46.apply(ExpectedConditions.java:1332)
	at org.openqa.selenium.support.ui.FluentWait.until(FluentWait.java:249)
	at com.apcfss.tests.PDChallanTest.ClickOnServiceInputBox(PDChallanTest.java:93)
	at java.base/jdk.internal.reflect.NativeMethodAccessorImpl.invoke0(Native Method)
	at java.base/jdk.internal.reflect.NativeMethodAccessorImpl.invoke(NativeMethodAccessorImpl.java:77)
	at java.base/jdk.internal.reflect.DelegatingMethodAccessorImpl.invoke(DelegatingMethodAccessorImpl.java:43)
	at java.base/java.lang.reflect.Method.invoke(Method.java:568)
	at org.testng.internal.MethodInvocationHelper.invokeMethod(MethodInvocationHelper.java:85)
	at org.testng.internal.Invoker.invokeMethod(Invoker.java:639)
	at org.testng.internal.Invoker.invokeTestMethod(Invoker.java:816)
	at org.testng.internal.Invoker.invokeTestMethods(Invoker.java:1124)
	at org.testng.internal.TestMethodWorker.invokeTestMethods(TestMethodWorker.java:125)
	at org.testng.internal.TestMethodWorker.run(TestMethodWorker.java:108)
	at org.testng.TestRunner.privateRun(TestRunner.java:774)
	at org.testng.TestRunner.run(TestRunner.java:624)
	at org.testng.SuiteRunner.runTest(SuiteRunner.java:359)
	at org.testng.SuiteRunner.runSequentially(SuiteRunner.java:354)
	at org.testng.SuiteRunner.privateRun(SuiteRunner.java:312)
	at org.testng.SuiteRunner.run(SuiteRunner.java:261)
	at org.testng.SuiteRunnerWorker.runSuite(SuiteRunnerWorker.java:52)
	at org.testng.SuiteRunnerWorker.run(SuiteRunnerWorker.java:86)
	at org.testng.TestNG.runSuitesSequentially(TestNG.java:1191)
	at org.testng.TestNG.runSuitesLocally(TestNG.java:1116)
	at org.testng.TestNG.run(TestNG.java:1024)
	at org.testng.remote.AbstractRemoteTestNG.run(AbstractRemoteTestNG.java:115)
	at org.testng.remote.RemoteTestNG.initAndRun(RemoteTestNG.java:251)
	at org.testng.remote.RemoteTestNG.main(RemoteTestNG.java:77)
</div></td></tr></table><p class="totop"><a href="#summary">back to summary</a></p><h3 id="m1">com.apcfss.tests.PDChallanTest#EnterDataAndClickProceedClickSubmitWithEpayClickPayU</h3><table class="result"><tr><th>Exception</th></tr><tr><td><div class="stacktrace">org.openqa.selenium.TimeoutException: Expected condition failed: waiting for url to contain &quot;payu&quot;. Current url: &quot;https://receipts.test.nidhi.apcfss.in/pdchallan&quot; (tried for 10 second(s) with 500 milliseconds interval)
Build info: version: &apos;3.141.59&apos;, revision: &apos;e82be7d358&apos;, time: &apos;2018-11-14T08:17:03&apos;
System info: host: &apos;PAVANKUMAR&apos;, ip: &apos;172.17.205.58&apos;, os.name: &apos;Windows 11&apos;, os.arch: &apos;amd64&apos;, os.version: &apos;10.0&apos;, java.version: &apos;17.0.4.1&apos;
Driver info: org.openqa.selenium.chrome.ChromeDriver
Capabilities {acceptInsecureCerts: false, browserName: chrome, browserVersion: 114.0.5735.110, chrome: {chromedriverVersion: 114.0.5735.90 (386bc09e8f4f..., userDataDir: C:\Users\tpkta\AppData\Loca...}, goog:chromeOptions: {debuggerAddress: localhost:56241}, javascriptEnabled: true, networkConnectionEnabled: false, pageLoadStrategy: normal, platform: WINDOWS, platformName: WINDOWS, proxy: Proxy(), setWindowRect: true, strictFileInteractability: false, timeouts: {implicit: 0, pageLoad: 300000, script: 30000}, unhandledPromptBehavior: dismiss and notify, webauthn:extension:credBlob: true, webauthn:extension:largeBlob: true, webauthn:extension:minPinLength: true, webauthn:extension:prf: true, webauthn:virtualAuthenticators: true}
Session ID: 0e8476fa16ff717e6469c2503168a7d9
	at org.openqa.selenium.support.ui.WebDriverWait.timeoutException(WebDriverWait.java:95)
	at org.openqa.selenium.support.ui.FluentWait.until(FluentWait.java:272)
	at com.apcfss.tests.PDChallanTest.EnterDataAndClickProceedClickSubmitWithEpayClickPayU(PDChallanTest.java:283)
	at java.base/jdk.internal.reflect.NativeMethodAccessorImpl.invoke0(Native Method)
	at java.base/jdk.internal.reflect.NativeMethodAccessorImpl.invoke(NativeMethodAccessorImpl.java:77)
	at java.base/jdk.internal.reflect.DelegatingMethodAccessorImpl.invoke(DelegatingMethodAccessorImpl.java:43)
	at java.base/java.lang.reflect.Method.invoke(Method.java:568)
	at org.testng.internal.MethodInvocationHelper.invokeMethod(MethodInvocationHelper.java:85)
	at org.testng.internal.Invoker.invokeMethod(Invoker.java:639)
	at org.testng.internal.Invoker.invokeTestMethod(Invoker.java:816)
	at org.testng.internal.Invoker.invokeTestMethods(Invoker.java:1124)
	at org.testng.internal.TestMethodWorker.invokeTestMethods(TestMethodWorker.java:125)
	at org.testng.internal.TestMethodWorker.run(TestMethodWorker.java:108)
	at org.testng.TestRunner.privateRun(TestRunner.java:774)
	at org.testng.TestRunner.run(TestRunner.java:624)
	at org.testng.SuiteRunner.runTest(SuiteRunner.java:359)
	at org.testng.SuiteRunner.runSequentially(SuiteRunner.java:354)
	at org.testng.SuiteRunner.privateRun(SuiteRunner.java:312)
	at org.testng.SuiteRunner.run(SuiteRunner.java:261)
	at org.testng.SuiteRunnerWorker.runSuite(SuiteRunnerWorker.java:52)
	at org.testng.SuiteRunnerWorker.run(SuiteRunnerWorker.java:86)
	at org.testng.TestNG.runSuitesSequentially(TestNG.java:1191)
	at org.testng.TestNG.runSuitesLocally(TestNG.java:1116)
	at org.testng.TestNG.run(TestNG.java:1024)
	at org.testng.remote.AbstractRemoteTestNG.run(AbstractRemoteTestNG.java:115)
	at org.testng.remote.RemoteTestNG.initAndRun(RemoteTestNG.java:251)
	at org.testng.remote.RemoteTestNG.main(RemoteTestNG.java:77)
</div></td></tr></table><p class="totop"><a href="#summary">back to summary</a></p><h3 id="m2">com.apcfss.tests.PDChallanTest#EnterDataAndClickProceedClickSubmitWithEpayClickSbi</h3><table class="result"><tr><th>Exception</th></tr><tr><td><div class="stacktrace">org.openqa.selenium.TimeoutException: Expected condition failed: waiting for visibility of element located by By.xpath: //a[contains(@href,&apos;sbi&apos;)] (tried for 20 second(s) with 500 milliseconds interval)
	at org.openqa.selenium.support.ui.WebDriverWait.timeoutException(WebDriverWait.java:95)
	at org.openqa.selenium.support.ui.FluentWait.until(FluentWait.java:272)
	at com.apcfss.factories.ExplicitWaitFactory.performExplicitWait(ExplicitWaitFactory.java:44)
	at com.apcfss.pages.BasePage.isDisplayed(BasePage.java:44)
	at com.apcfss.pdchallan.pages.SBIbankMops.presenceOfSbiLogo(SBIbankMops.java:12)
	at com.apcfss.tests.PDChallanTest.EnterDataAndClickProceedClickSubmitWithEpayClickSbi(PDChallanTest.java:242)
	at java.base/jdk.internal.reflect.NativeMethodAccessorImpl.invoke0(Native Method)
	at java.base/jdk.internal.reflect.NativeMethodAccessorImpl.invoke(NativeMethodAccessorImpl.java:77)
	at java.base/jdk.internal.reflect.DelegatingMethodAccessorImpl.invoke(DelegatingMethodAccessorImpl.java:43)
	at java.base/java.lang.reflect.Method.invoke(Method.java:568)
	at org.testng.internal.MethodInvocationHelper.invokeMethod(MethodInvocationHelper.java:85)
	at org.testng.internal.Invoker.invokeMethod(Invoker.java:639)
	at org.testng.internal.Invoker.invokeTestMethod(Invoker.java:816)
	at org.testng.internal.Invoker.invokeTestMethods(Invoker.java:1124)
	at org.testng.internal.TestMethodWorker.invokeTestMethods(TestMethodWorker.java:125)
	at org.testng.internal.TestMethodWorker.run(TestMethodWorker.java:108)
	at org.testng.TestRunner.privateRun(TestRunner.java:774)
	at org.testng.TestRunner.run(TestRunner.java:624)
	at org.testng.SuiteRunner.runTest(SuiteRunner.java:359)
	at org.testng.SuiteRunner.runSequentially(SuiteRunner.java:354)
	at org.testng.SuiteRunner.privateRun(SuiteRunner.java:312)
	at org.testng.SuiteRunner.run(SuiteRunner.java:261)
	at org.testng.SuiteRunnerWorker.runSuite(SuiteRunnerWorker.java:52)
	at org.testng.SuiteRunnerWorker.run(SuiteRunnerWorker.java:86)
	at org.testng.TestNG.runSuitesSequentially(TestNG.java:1191)
	at org.testng.TestNG.runSuitesLocally(TestNG.java:1116)
	at org.testng.TestNG.run(TestNG.java:1024)
	at org.testng.remote.AbstractRemoteTestNG.run(AbstractRemoteTestNG.java:115)
	at org.testng.remote.RemoteTestNG.initAndRun(RemoteTestNG.java:251)
	at org.testng.remote.RemoteTestNG.main(RemoteTestNG.java:77)
Caused by: org.openqa.selenium.NoSuchElementException: no such element: Unable to locate element: {&quot;method&quot;:&quot;xpath&quot;,&quot;selector&quot;:&quot;//a[contains(@href,&apos;sbi&apos;)]&quot;}
  (Session info: chrome=114.0.5735.110)
For documentation on this error, please visit: https://www.seleniumhq.org/exceptions/no_such_element.html
Build info: version: &apos;3.141.59&apos;, revision: &apos;e82be7d358&apos;, time: &apos;2018-11-14T08:17:03&apos;
System info: host: &apos;PAVANKUMAR&apos;, ip: &apos;172.17.205.58&apos;, os.name: &apos;Windows 11&apos;, os.arch: &apos;amd64&apos;, os.version: &apos;10.0&apos;, java.version: &apos;17.0.4.1&apos;
Driver info: org.openqa.selenium.chrome.ChromeDriver
Capabilities {acceptInsecureCerts: false, browserName: chrome, browserVersion: 114.0.5735.110, chrome: {chromedriverVersion: 114.0.5735.90 (386bc09e8f4f..., userDataDir: C:\Users\tpkta\AppData\Loca...}, goog:chromeOptions: {debuggerAddress: localhost:56273}, javascriptEnabled: true, networkConnectionEnabled: false, pageLoadStrategy: normal, platform: WINDOWS, platformName: WINDOWS, proxy: Proxy(), setWindowRect: true, strictFileInteractability: false, timeouts: {implicit: 0, pageLoad: 300000, script: 30000}, unhandledPromptBehavior: dismiss and notify, webauthn:extension:credBlob: true, webauthn:extension:largeBlob: true, webauthn:extension:minPinLength: true, webauthn:extension:prf: true, webauthn:virtualAuthenticators: true}
Session ID: 68181ca158aae180da2ae25749c57113
*** Element info: {Using=xpath, value=//a[contains(@href,&apos;sbi&apos;)]}
	at java.base/jdk.internal.reflect.NativeConstructorAccessorImpl.newInstance0(Native Method)
	at java.base/jdk.internal.reflect.NativeConstructorAccessorImpl.newInstance(NativeConstructorAccessorImpl.java:77)
	at java.base/jdk.internal.reflect.DelegatingConstructorAccessorImpl.newInstance(DelegatingConstructorAccessorImpl.java:45)
	at java.base/java.lang.reflect.Constructor.newInstanceWithCaller(Constructor.java:499)
	at java.base/java.lang.reflect.Constructor.newInstance(Constructor.java:480)
	at org.openqa.selenium.remote.http.W3CHttpResponseCodec.createException(W3CHttpResponseCodec.java:187)
	at org.openqa.selenium.remote.http.W3CHttpResponseCodec.decode(W3CHttpResponseCodec.java:122)
	at org.openqa.selenium.remote.http.W3CHttpResponseCodec.decode(W3CHttpResponseCodec.java:49)
	at org.openqa.selenium.remote.HttpCommandExecutor.execute(HttpCommandExecutor.java:158)
	at org.openqa.selenium.remote.service.DriverCommandExecutor.execute(DriverCommandExecutor.java:83)
	at org.openqa.selenium.remote.RemoteWebDriver.execute(RemoteWebDriver.java:552)
	at org.openqa.selenium.remote.RemoteWebDriver.findElement(RemoteWebDriver.java:323)
	at org.openqa.selenium.remote.RemoteWebDriver.findElementByXPath(RemoteWebDriver.java:428)
	at org.openqa.selenium.By$ByXPath.findElement(By.java:353)
	at org.openqa.selenium.remote.RemoteWebDriver.findElement(RemoteWebDriver.java:315)
	at org.openqa.selenium.support.ui.ExpectedConditions$7.apply(ExpectedConditions.java:205)
	at org.openqa.selenium.support.ui.ExpectedConditions$7.apply(ExpectedConditions.java:201)
	at org.openqa.selenium.support.ui.FluentWait.until(FluentWait.java:249)
	... 28 more
</div></td></tr></table><p class="totop"><a href="#summary">back to summary</a></p><h3 id="m3">com.apcfss.tests.PDChallanTest#EnterDataAndClickProceedClickSubmitWithManualModeCheckAknowledgePage</h3><table class="result"><tr><th>Exception</th></tr><tr><td><div class="stacktrace">java.lang.RuntimeException: Fail-Aknowledgement Page is not dispalyed
	at com.apcfss.pdchallan.pages.AknowledgementPage.isAknowledgementPageDisplayed(AknowledgementPage.java:18)
	at com.apcfss.tests.PDChallanTest.EnterDataAndClickProceedClickSubmitWithManualModeCheckAknowledgePage(PDChallanTest.java:195)
	at java.base/jdk.internal.reflect.NativeMethodAccessorImpl.invoke0(Native Method)
	at java.base/jdk.internal.reflect.NativeMethodAccessorImpl.invoke(NativeMethodAccessorImpl.java:77)
	at java.base/jdk.internal.reflect.DelegatingMethodAccessorImpl.invoke(DelegatingMethodAccessorImpl.java:43)
	at java.base/java.lang.reflect.Method.invoke(Method.java:568)
	at org.testng.internal.MethodInvocationHelper.invokeMethod(MethodInvocationHelper.java:85)
	at org.testng.internal.Invoker.invokeMethod(Invoker.java:639)
	at org.testng.internal.Invoker.invokeTestMethod(Invoker.java:816)
	at org.testng.internal.Invoker.invokeTestMethods(Invoker.java:1124)
	at org.testng.internal.TestMethodWorker.invokeTestMethods(TestMethodWorker.java:125)
	at org.testng.internal.TestMethodWorker.run(TestMethodWorker.java:108)
	at org.testng.TestRunner.privateRun(TestRunner.java:774)
	at org.testng.TestRunner.run(TestRunner.java:624)
	at org.testng.SuiteRunner.runTest(SuiteRunner.java:359)
	at org.testng.SuiteRunner.runSequentially(SuiteRunner.java:354)
	at org.testng.SuiteRunner.privateRun(SuiteRunner.java:312)
	at org.testng.SuiteRunner.run(SuiteRunner.java:261)
	at org.testng.SuiteRunnerWorker.runSuite(SuiteRunnerWorker.java:52)
	at org.testng.SuiteRunnerWorker.run(SuiteRunnerWorker.java:86)
	at org.testng.TestNG.runSuitesSequentially(TestNG.java:1191)
	at org.testng.TestNG.runSuitesLocally(TestNG.java:1116)
	at org.testng.TestNG.run(TestNG.java:1024)
	at org.testng.remote.AbstractRemoteTestNG.run(AbstractRemoteTestNG.java:115)
	at org.testng.remote.RemoteTestNG.initAndRun(RemoteTestNG.java:251)
	at org.testng.remote.RemoteTestNG.main(RemoteTestNG.java:77)
</div></td></tr></table><p class="totop"><a href="#summary">back to summary</a></p><h3 id="m4">com.apcfss.tests.PDChallanTest#EnterDataAndClickProceedClickSubmitWithManualModeCheckAknowledgePageDetails</h3><table class="result"><tr><th>Exception</th></tr><tr><td><div class="stacktrace">java.lang.RuntimeException: Transaction Details Are not Displayed
	at com.apcfss.pdchallan.pages.AknowledgementPage.isTranctionDetailsVisible(AknowledgementPage.java:27)
	at com.apcfss.tests.PDChallanTest.EnterDataAndClickProceedClickSubmitWithManualModeCheckAknowledgePageDetails(PDChallanTest.java:211)
	at java.base/jdk.internal.reflect.NativeMethodAccessorImpl.invoke0(Native Method)
	at java.base/jdk.internal.reflect.NativeMethodAccessorImpl.invoke(NativeMethodAccessorImpl.java:77)
	at java.base/jdk.internal.reflect.DelegatingMethodAccessorImpl.invoke(DelegatingMethodAccessorImpl.java:43)
	at java.base/java.lang.reflect.Method.invoke(Method.java:568)
	at org.testng.internal.MethodInvocationHelper.invokeMethod(MethodInvocationHelper.java:85)
	at org.testng.internal.Invoker.invokeMethod(Invoker.java:639)
	at org.testng.internal.Invoker.invokeTestMethod(Invoker.java:816)
	at org.testng.internal.Invoker.invokeTestMethods(Invoker.java:1124)
	at org.testng.internal.TestMethodWorker.invokeTestMethods(TestMethodWorker.java:125)
	at org.testng.internal.TestMethodWorker.run(TestMethodWorker.java:108)
	at org.testng.TestRunner.privateRun(TestRunner.java:774)
	at org.testng.TestRunner.run(TestRunner.java:624)
	at org.testng.SuiteRunner.runTest(SuiteRunner.java:359)
	at org.testng.SuiteRunner.runSequentially(SuiteRunner.java:354)
	at org.testng.SuiteRunner.privateRun(SuiteRunner.java:312)
	at org.testng.SuiteRunner.run(SuiteRunner.java:261)
	at org.testng.SuiteRunnerWorker.runSuite(SuiteRunnerWorker.java:52)
	at org.testng.SuiteRunnerWorker.run(SuiteRunnerWorker.java:86)
	at org.testng.TestNG.runSuitesSequentially(TestNG.java:1191)
	at org.testng.TestNG.runSuitesLocally(TestNG.java:1116)
	at org.testng.TestNG.run(TestNG.java:1024)
	at org.testng.remote.AbstractRemoteTestNG.run(AbstractRemoteTestNG.java:115)
	at org.testng.remote.RemoteTestNG.initAndRun(RemoteTestNG.java:251)
	at org.testng.remote.RemoteTestNG.main(RemoteTestNG.java:77)
</div></td></tr></table><p class="totop"><a href="#summary">back to summary</a></p><h3 id="m5">com.apcfss.tests.PDChallanTest#ClickOnDepartmentInputBox</h3><table class="result"><tr><th>Messages</th></tr><tr><td><div class="messages">Department List (451)<br/>Department List Page is Displayed</div></td></tr></table><p class="totop"><a href="#summary">back to summary</a></p><h3 id="m6">com.apcfss.tests.PDChallanTest#EnterDataAndClickProceedClickPreviousWithEpay</h3><table class="result"><tr><th>Messages</th></tr><tr><td><div class="messages">Navigated Successfully BAck to to Treaury Info page</div></td></tr></table><p class="totop"><a href="#summary">back to summary</a></p><h3 id="m7">com.apcfss.tests.PDChallanTest#EnterDataAndClickProceedClickPreviousWithManualMode</h3><table class="result"><tr><th>Messages</th></tr><tr><td><div class="messages">Navigated Successfully to Back to Treaury Info page </div></td></tr></table><p class="totop"><a href="#summary">back to summary</a></p><h3 id="m8">com.apcfss.tests.PDChallanTest#EnterDataAndClickProceedClickPreviousWithRtgs</h3><table class="result"><tr><th>Messages</th></tr><tr><td><div class="messages">Navigated Successfully to Back to Treaury Info page</div></td></tr></table><p class="totop"><a href="#summary">back to summary</a></p><h3 id="m9">com.apcfss.tests.PDChallanTest#EnterDataAndClickProceedClickSubmitWithEpay</h3><table class="result"><tr><th>Messages</th></tr><tr><td><div class="messages">Submit Button is Clicked successfully with E Payment Mode radio button</div></td></tr></table><p class="totop"><a href="#summary">back to summary</a></p><h3 id="m10">com.apcfss.tests.PDChallanTest#EnterDataAndClickProceedClickSubmitWithManualMode</h3><table class="result"><tr><th>Messages</th></tr><tr><td><div class="messages">Submit Button is Clicked successfully with Manual Payment Mode radio button</div></td></tr></table><p class="totop"><a href="#summary">back to summary</a></p><h3 id="m11">com.apcfss.tests.PDChallanTest#EnterDataAndClickProceedClickSubmitWithRtgs</h3><table class="result"><tr><th>Messages</th></tr><tr><td><div class="messages">Submit Button is Clicked successfully with RTGS Payment Mode radio button</div></td></tr></table><p class="totop"><a href="#summary">back to summary</a></p><h3 id="m12">com.apcfss.tests.PDChallanTest#EnterDataAndClickProceedClickSubmitWithRtgsStatus</h3><table class="result"><tr><th>Messages</th></tr><tr><td><div class="messages">Submit Button is Clicked successfully with RTGS Payment Mode radio button</div></td></tr></table><p class="totop"><a href="#summary">back to summary</a></p><h3 id="m13">com.apcfss.tests.PDChallanTest#EnterRequiredDataAndClickOnProceed</h3><table class="result"><tr><th>Messages</th></tr><tr><td><div class="messages">Successfully navigated to Remitter details Page</div></td></tr></table><p class="totop"><a href="#summary">back to summary</a></p><h3 id="m14">com.apcfss.tests.PDChallanTest#verifyModuleLogoAndTitle</h3><table class="result"><tr><th>Messages</th></tr><tr><td><div class="messages">GO.A.P. is Dispayed</div></td></tr></table><p class="totop"><a href="#summary">back to summary</a></p></body></html>