<?xml version="1.0" encoding="UTF-8"?>
<testng-results total="15" passed="10" failed="5" skipped="0">
  <reporter-output>
    <line>
      <![CDATA[GO.A.P. is Dispayed]]>
    </line>
    <line>
      <![CDATA[Department List (451)]]>
    </line>
    <line>
      <![CDATA[Department List Page is Displayed]]>
    </line>
    <line>
      <![CDATA[Successfully navigated to Remitter details Page]]>
    </line>
    <line>
      <![CDATA[Navigated Successfully to Back to Treaury Info page ]]>
    </line>
    <line>
      <![CDATA[Navigated Successfully to Back to Treaury Info page]]>
    </line>
    <line>
      <![CDATA[Navigated Successfully BAck to to Treaury Info page]]>
    </line>
    <line>
      <![CDATA[Submit Button is Clicked successfully with Manual Payment Mode radio button]]>
    </line>
    <line>
      <![CDATA[Submit Button is Clicked successfully with RTGS Payment Mode radio button]]>
    </line>
    <line>
      <![CDATA[Submit Button is Clicked successfully with E Payment Mode radio button]]>
    </line>
    <line>
      <![CDATA[Submit Button is Clicked successfully with RTGS Payment Mode radio button]]>
    </line>
  </reporter-output>
  <suite started-at="2023-06-07T11:19:45Z" name="Default suite" finished-at="2023-06-07T11:24:13Z" duration-ms="268487">
    <groups>
    </groups>
    <test started-at="2023-06-07T11:19:45Z" name="Default test" finished-at="2023-06-07T11:24:13Z" duration-ms="268487">
      <class name="com.apcfss.tests.PDChallanTest">
        <test-method is-config="true" signature="setUp()[pri:0, instance:com.apcfss.tests.PDChallanTest@72ef8d15]" started-at="2023-06-07T16:49:45Z" name="setUp" finished-at="2023-06-07T16:49:47Z" duration-ms="1956" status="PASS">
          <reporter-output>
          </reporter-output>
        </test-method> <!-- setUp -->
        <test-method signature="verifyModuleLogoAndTitle()[pri:1, instance:com.apcfss.tests.PDChallanTest@72ef8d15]" started-at="2023-06-07T16:49:47Z" name="verifyModuleLogoAndTitle" description="verify whether logo is displayed and also checking the required page title" finished-at="2023-06-07T16:49:47Z" duration-ms="64" status="PASS">
          <reporter-output>
            <line>
              <![CDATA[GO.A.P. is Dispayed]]>
            </line>
          </reporter-output>
        </test-method> <!-- verifyModuleLogoAndTitle -->
        <test-method is-config="true" signature="tearDown()[pri:0, instance:com.apcfss.tests.PDChallanTest@72ef8d15]" started-at="2023-06-07T16:49:47Z" name="tearDown" finished-at="2023-06-07T16:49:47Z" duration-ms="211" status="PASS">
          <reporter-output>
          </reporter-output>
        </test-method> <!-- tearDown -->
        <test-method is-config="true" signature="setUp()[pri:0, instance:com.apcfss.tests.PDChallanTest@72ef8d15]" started-at="2023-06-07T16:49:47Z" name="setUp" finished-at="2023-06-07T16:49:48Z" duration-ms="1293" status="PASS">
          <reporter-output>
          </reporter-output>
        </test-method> <!-- setUp -->
        <test-method signature="ClickOnDepartmentInputBox()[pri:2, instance:com.apcfss.tests.PDChallanTest@72ef8d15]" started-at="2023-06-07T16:49:48Z" name="ClickOnDepartmentInputBox" description="Click On Department Input box and chexk whether Department listpage is displayed or not" finished-at="2023-06-07T16:49:50Z" duration-ms="1137" status="PASS">
          <reporter-output>
            <line>
              <![CDATA[Department List (451)]]>
            </line>
            <line>
              <![CDATA[Department List Page is Displayed]]>
            </line>
          </reporter-output>
        </test-method> <!-- ClickOnDepartmentInputBox -->
        <test-method is-config="true" signature="tearDown()[pri:0, instance:com.apcfss.tests.PDChallanTest@72ef8d15]" started-at="2023-06-07T16:49:50Z" name="tearDown" finished-at="2023-06-07T16:49:50Z" duration-ms="127" status="PASS">
          <reporter-output>
          </reporter-output>
        </test-method> <!-- tearDown -->
        <test-method is-config="true" signature="setUp()[pri:0, instance:com.apcfss.tests.PDChallanTest@72ef8d15]" started-at="2023-06-07T16:49:50Z" name="setUp" finished-at="2023-06-07T16:49:51Z" duration-ms="1276" status="PASS">
          <reporter-output>
          </reporter-output>
        </test-method> <!-- setUp -->
        <test-method signature="ClickOnServiceInputBox()[pri:3, instance:com.apcfss.tests.PDChallanTest@72ef8d15]" started-at="2023-06-07T16:49:51Z" name="ClickOnServiceInputBox" description="Click On Service Input box and check whether Services listpage is displayed or not" finished-at="2023-06-07T16:49:51Z" duration-ms="1" status="FAIL">
          <exception class="java.lang.NullPointerException">
            <message>
              <![CDATA[Cannot invoke "org.openqa.selenium.SearchContext.findElement(org.openqa.selenium.By)" because "this.searchContext" is null]]>
            </message>
            <full-stacktrace>
              <![CDATA[java.lang.NullPointerException: Cannot invoke "org.openqa.selenium.SearchContext.findElement(org.openqa.selenium.By)" because "this.searchContext" is null
	at org.openqa.selenium.support.pagefactory.DefaultElementLocator.findElement(DefaultElementLocator.java:69)
	at org.openqa.selenium.support.pagefactory.internal.LocatingElementHandler.invoke(LocatingElementHandler.java:38)
	at jdk.proxy2/jdk.proxy2.$Proxy10.isDisplayed(Unknown Source)
	at org.openqa.selenium.support.ui.ExpectedConditions.isInvisible(ExpectedConditions.java:1348)
	at org.openqa.selenium.support.ui.ExpectedConditions.access$200(ExpectedConditions.java:43)
	at org.openqa.selenium.support.ui.ExpectedConditions$46.apply(ExpectedConditions.java:1336)
	at org.openqa.selenium.support.ui.ExpectedConditions$46.apply(ExpectedConditions.java:1332)
	at org.openqa.selenium.support.ui.FluentWait.until(FluentWait.java:249)
	at com.apcfss.tests.PDChallanTest.ClickOnServiceInputBox(PDChallanTest.java:93)
	at java.base/jdk.internal.reflect.NativeMethodAccessorImpl.invoke0(Native Method)
	at java.base/jdk.internal.reflect.NativeMethodAccessorImpl.invoke(NativeMethodAccessorImpl.java:77)
	at java.base/jdk.internal.reflect.DelegatingMethodAccessorImpl.invoke(DelegatingMethodAccessorImpl.java:43)
	at java.base/java.lang.reflect.Method.invoke(Method.java:568)
	at org.testng.internal.MethodInvocationHelper.invokeMethod(MethodInvocationHelper.java:85)
	at org.testng.internal.Invoker.invokeMethod(Invoker.java:639)
	at org.testng.internal.Invoker.invokeTestMethod(Invoker.java:816)
	at org.testng.internal.Invoker.invokeTestMethods(Invoker.java:1124)
	at org.testng.internal.TestMethodWorker.invokeTestMethods(TestMethodWorker.java:125)
	at org.testng.internal.TestMethodWorker.run(TestMethodWorker.java:108)
	at org.testng.TestRunner.privateRun(TestRunner.java:774)
	at org.testng.TestRunner.run(TestRunner.java:624)
	at org.testng.SuiteRunner.runTest(SuiteRunner.java:359)
	at org.testng.SuiteRunner.runSequentially(SuiteRunner.java:354)
	at org.testng.SuiteRunner.privateRun(SuiteRunner.java:312)
	at org.testng.SuiteRunner.run(SuiteRunner.java:261)
	at org.testng.SuiteRunnerWorker.runSuite(SuiteRunnerWorker.java:52)
	at org.testng.SuiteRunnerWorker.run(SuiteRunnerWorker.java:86)
	at org.testng.TestNG.runSuitesSequentially(TestNG.java:1191)
	at org.testng.TestNG.runSuitesLocally(TestNG.java:1116)
	at org.testng.TestNG.run(TestNG.java:1024)
	at org.testng.remote.AbstractRemoteTestNG.run(AbstractRemoteTestNG.java:115)
	at org.testng.remote.RemoteTestNG.initAndRun(RemoteTestNG.java:251)
	at org.testng.remote.RemoteTestNG.main(RemoteTestNG.java:77)
]]>
            </full-stacktrace>
          </exception> <!-- java.lang.NullPointerException -->
          <reporter-output>
          </reporter-output>
        </test-method> <!-- ClickOnServiceInputBox -->
        <test-method is-config="true" signature="tearDown()[pri:0, instance:com.apcfss.tests.PDChallanTest@72ef8d15]" started-at="2023-06-07T16:49:51Z" name="tearDown" finished-at="2023-06-07T16:49:51Z" duration-ms="126" status="PASS">
          <reporter-output>
          </reporter-output>
        </test-method> <!-- tearDown -->
        <test-method is-config="true" signature="setUp()[pri:0, instance:com.apcfss.tests.PDChallanTest@72ef8d15]" started-at="2023-06-07T16:49:51Z" name="setUp" finished-at="2023-06-07T16:49:53Z" duration-ms="1338" status="PASS">
          <reporter-output>
          </reporter-output>
        </test-method> <!-- setUp -->
        <test-method signature="EnterRequiredDataAndClickOnProceed()[pri:4, instance:com.apcfss.tests.PDChallanTest@72ef8d15]" started-at="2023-06-07T16:49:53Z" name="EnterRequiredDataAndClickOnProceed" description="Select department and servive details and click on proceed button --&gt; remitter details element should be in deep blue color" finished-at="2023-06-07T16:49:55Z" duration-ms="2419" status="PASS">
          <reporter-output>
            <line>
              <![CDATA[Successfully navigated to Remitter details Page]]>
            </line>
          </reporter-output>
        </test-method> <!-- EnterRequiredDataAndClickOnProceed -->
        <test-method is-config="true" signature="tearDown()[pri:0, instance:com.apcfss.tests.PDChallanTest@72ef8d15]" started-at="2023-06-07T16:49:55Z" name="tearDown" finished-at="2023-06-07T16:49:55Z" duration-ms="156" status="PASS">
          <reporter-output>
          </reporter-output>
        </test-method> <!-- tearDown -->
        <test-method is-config="true" signature="setUp()[pri:0, instance:com.apcfss.tests.PDChallanTest@72ef8d15]" started-at="2023-06-07T16:49:55Z" name="setUp" finished-at="2023-06-07T16:49:57Z" duration-ms="1325" status="PASS">
          <reporter-output>
          </reporter-output>
        </test-method> <!-- setUp -->
        <test-method signature="EnterDataAndClickProceedClickPreviousWithManualMode()[pri:5, instance:com.apcfss.tests.PDChallanTest@72ef8d15]" started-at="2023-06-07T16:49:57Z" name="EnterDataAndClickProceedClickPreviousWithManualMode" description="Select department and servive details and click on proceed button,Enter require remitter details and click on previous button--&gt; should be able to navigate to treasury info page" finished-at="2023-06-07T16:50:02Z" duration-ms="5699" status="PASS">
          <reporter-output>
            <line>
              <![CDATA[Navigated Successfully to Back to Treaury Info page ]]>
            </line>
          </reporter-output>
        </test-method> <!-- EnterDataAndClickProceedClickPreviousWithManualMode -->
        <test-method is-config="true" signature="tearDown()[pri:0, instance:com.apcfss.tests.PDChallanTest@72ef8d15]" started-at="2023-06-07T16:50:02Z" name="tearDown" finished-at="2023-06-07T16:50:02Z" duration-ms="154" status="PASS">
          <reporter-output>
          </reporter-output>
        </test-method> <!-- tearDown -->
        <test-method is-config="true" signature="setUp()[pri:0, instance:com.apcfss.tests.PDChallanTest@72ef8d15]" started-at="2023-06-07T16:50:02Z" name="setUp" finished-at="2023-06-07T16:50:04Z" duration-ms="1523" status="PASS">
          <reporter-output>
          </reporter-output>
        </test-method> <!-- setUp -->
        <test-method signature="EnterDataAndClickProceedClickPreviousWithRtgs()[pri:6, instance:com.apcfss.tests.PDChallanTest@72ef8d15]" started-at="2023-06-07T16:50:04Z" name="EnterDataAndClickProceedClickPreviousWithRtgs" description="Select department and servive details and click on proceed button,Enter require remitter details and click on previous button--&gt; should be able to navigate to treasury info page" finished-at="2023-06-07T16:50:09Z" duration-ms="5557" status="PASS">
          <reporter-output>
            <line>
              <![CDATA[Navigated Successfully to Back to Treaury Info page]]>
            </line>
          </reporter-output>
        </test-method> <!-- EnterDataAndClickProceedClickPreviousWithRtgs -->
        <test-method is-config="true" signature="tearDown()[pri:0, instance:com.apcfss.tests.PDChallanTest@72ef8d15]" started-at="2023-06-07T16:50:09Z" name="tearDown" finished-at="2023-06-07T16:50:10Z" duration-ms="122" status="PASS">
          <reporter-output>
          </reporter-output>
        </test-method> <!-- tearDown -->
        <test-method is-config="true" signature="setUp()[pri:0, instance:com.apcfss.tests.PDChallanTest@72ef8d15]" started-at="2023-06-07T16:50:10Z" name="setUp" finished-at="2023-06-07T16:50:11Z" duration-ms="1276" status="PASS">
          <reporter-output>
          </reporter-output>
        </test-method> <!-- setUp -->
        <test-method signature="EnterDataAndClickProceedClickPreviousWithEpay()[pri:7, instance:com.apcfss.tests.PDChallanTest@72ef8d15]" started-at="2023-06-07T16:50:11Z" name="EnterDataAndClickProceedClickPreviousWithEpay" description="Select department and servive details and click on proceed button,Enter require remitter details and click on previous button--&gt; should be able to navigate to treasury info page" finished-at="2023-06-07T16:50:16Z" duration-ms="5498" status="PASS">
          <reporter-output>
            <line>
              <![CDATA[Navigated Successfully BAck to to Treaury Info page]]>
            </line>
          </reporter-output>
        </test-method> <!-- EnterDataAndClickProceedClickPreviousWithEpay -->
        <test-method is-config="true" signature="tearDown()[pri:0, instance:com.apcfss.tests.PDChallanTest@72ef8d15]" started-at="2023-06-07T16:50:16Z" name="tearDown" finished-at="2023-06-07T16:50:16Z" duration-ms="119" status="PASS">
          <reporter-output>
          </reporter-output>
        </test-method> <!-- tearDown -->
        <test-method is-config="true" signature="setUp()[pri:0, instance:com.apcfss.tests.PDChallanTest@72ef8d15]" started-at="2023-06-07T16:50:16Z" name="setUp" finished-at="2023-06-07T16:50:18Z" duration-ms="1403" status="PASS">
          <reporter-output>
          </reporter-output>
        </test-method> <!-- setUp -->
        <test-method signature="EnterDataAndClickProceedClickSubmitWithManualMode()[pri:8, instance:com.apcfss.tests.PDChallanTest@72ef8d15]" started-at="2023-06-07T16:50:18Z" name="EnterDataAndClickProceedClickSubmitWithManualMode" description="Select department and servive details and click on proceed button,Enter require remitter details and click on Submit button--&gt; should be able to navigate to different page" finished-at="2023-06-07T16:50:24Z" duration-ms="5706" status="PASS">
          <reporter-output>
            <line>
              <![CDATA[Submit Button is Clicked successfully with Manual Payment Mode radio button]]>
            </line>
          </reporter-output>
        </test-method> <!-- EnterDataAndClickProceedClickSubmitWithManualMode -->
        <test-method is-config="true" signature="tearDown()[pri:0, instance:com.apcfss.tests.PDChallanTest@72ef8d15]" started-at="2023-06-07T16:50:24Z" name="tearDown" finished-at="2023-06-07T16:50:24Z" duration-ms="136" status="PASS">
          <reporter-output>
          </reporter-output>
        </test-method> <!-- tearDown -->
        <test-method is-config="true" signature="setUp()[pri:0, instance:com.apcfss.tests.PDChallanTest@72ef8d15]" started-at="2023-06-07T16:50:24Z" name="setUp" finished-at="2023-06-07T16:50:25Z" duration-ms="1374" status="PASS">
          <reporter-output>
          </reporter-output>
        </test-method> <!-- setUp -->
        <test-method signature="EnterDataAndClickProceedClickSubmitWithRtgs()[pri:9, instance:com.apcfss.tests.PDChallanTest@72ef8d15]" started-at="2023-06-07T16:50:25Z" name="EnterDataAndClickProceedClickSubmitWithRtgs" description="Select department and servive details and click on proceed button,Enter require remitter details and click on Submit button--&gt; should be able to navigate to different page" finished-at="2023-06-07T16:50:31Z" duration-ms="5657" status="PASS">
          <reporter-output>
            <line>
              <![CDATA[Submit Button is Clicked successfully with RTGS Payment Mode radio button]]>
            </line>
          </reporter-output>
        </test-method> <!-- EnterDataAndClickProceedClickSubmitWithRtgs -->
        <test-method is-config="true" signature="tearDown()[pri:0, instance:com.apcfss.tests.PDChallanTest@72ef8d15]" started-at="2023-06-07T16:50:31Z" name="tearDown" finished-at="2023-06-07T16:50:31Z" duration-ms="140" status="PASS">
          <reporter-output>
          </reporter-output>
        </test-method> <!-- tearDown -->
        <test-method is-config="true" signature="setUp()[pri:0, instance:com.apcfss.tests.PDChallanTest@72ef8d15]" started-at="2023-06-07T16:50:31Z" name="setUp" finished-at="2023-06-07T16:50:32Z" duration-ms="1340" status="PASS">
          <reporter-output>
          </reporter-output>
        </test-method> <!-- setUp -->
        <test-method signature="EnterDataAndClickProceedClickSubmitWithEpay()[pri:10, instance:com.apcfss.tests.PDChallanTest@72ef8d15]" started-at="2023-06-07T16:50:32Z" name="EnterDataAndClickProceedClickSubmitWithEpay" description="Select department and servive details and click on proceed button,Enter require remitter details and click on Submit button--&gt; should be able to navigate to different page" finished-at="2023-06-07T16:50:39Z" duration-ms="6418" status="PASS">
          <reporter-output>
            <line>
              <![CDATA[Submit Button is Clicked successfully with E Payment Mode radio button]]>
            </line>
          </reporter-output>
        </test-method> <!-- EnterDataAndClickProceedClickSubmitWithEpay -->
        <test-method is-config="true" signature="tearDown()[pri:0, instance:com.apcfss.tests.PDChallanTest@72ef8d15]" started-at="2023-06-07T16:50:39Z" name="tearDown" finished-at="2023-06-07T16:50:39Z" duration-ms="635" status="PASS">
          <reporter-output>
          </reporter-output>
        </test-method> <!-- tearDown -->
        <test-method is-config="true" signature="setUp()[pri:0, instance:com.apcfss.tests.PDChallanTest@72ef8d15]" started-at="2023-06-07T16:50:39Z" name="setUp" finished-at="2023-06-07T16:50:41Z" duration-ms="1262" status="PASS">
          <reporter-output>
          </reporter-output>
        </test-method> <!-- setUp -->
        <test-method signature="EnterDataAndClickProceedClickSubmitWithManualModeCheckAknowledgePage()[pri:11, instance:com.apcfss.tests.PDChallanTest@72ef8d15]" started-at="2023-06-07T16:50:41Z" name="EnterDataAndClickProceedClickSubmitWithManualModeCheckAknowledgePage" description="Select department and servive details and click on proceed button,Enter require remitter details and click on Submit button--&gt; should be able to navigate to SBI Aknowledgement Page" finished-at="2023-06-07T16:51:27Z" duration-ms="46681" status="FAIL">
          <exception class="java.lang.RuntimeException">
            <message>
              <![CDATA[Fail-Aknowledgement Page is not dispalyed]]>
            </message>
            <full-stacktrace>
              <![CDATA[java.lang.RuntimeException: Fail-Aknowledgement Page is not dispalyed
	at com.apcfss.pdchallan.pages.AknowledgementPage.isAknowledgementPageDisplayed(AknowledgementPage.java:18)
	at com.apcfss.tests.PDChallanTest.EnterDataAndClickProceedClickSubmitWithManualModeCheckAknowledgePage(PDChallanTest.java:195)
	at java.base/jdk.internal.reflect.NativeMethodAccessorImpl.invoke0(Native Method)
	at java.base/jdk.internal.reflect.NativeMethodAccessorImpl.invoke(NativeMethodAccessorImpl.java:77)
	at java.base/jdk.internal.reflect.DelegatingMethodAccessorImpl.invoke(DelegatingMethodAccessorImpl.java:43)
	at java.base/java.lang.reflect.Method.invoke(Method.java:568)
	at org.testng.internal.MethodInvocationHelper.invokeMethod(MethodInvocationHelper.java:85)
	at org.testng.internal.Invoker.invokeMethod(Invoker.java:639)
	at org.testng.internal.Invoker.invokeTestMethod(Invoker.java:816)
	at org.testng.internal.Invoker.invokeTestMethods(Invoker.java:1124)
	at org.testng.internal.TestMethodWorker.invokeTestMethods(TestMethodWorker.java:125)
	at org.testng.internal.TestMethodWorker.run(TestMethodWorker.java:108)
	at org.testng.TestRunner.privateRun(TestRunner.java:774)
	at org.testng.TestRunner.run(TestRunner.java:624)
	at org.testng.SuiteRunner.runTest(SuiteRunner.java:359)
	at org.testng.SuiteRunner.runSequentially(SuiteRunner.java:354)
	at org.testng.SuiteRunner.privateRun(SuiteRunner.java:312)
	at org.testng.SuiteRunner.run(SuiteRunner.java:261)
	at org.testng.SuiteRunnerWorker.runSuite(SuiteRunnerWorker.java:52)
	at org.testng.SuiteRunnerWorker.run(SuiteRunnerWorker.java:86)
	at org.testng.TestNG.runSuitesSequentially(TestNG.java:1191)
	at org.testng.TestNG.runSuitesLocally(TestNG.java:1116)
	at org.testng.TestNG.run(TestNG.java:1024)
	at org.testng.remote.AbstractRemoteTestNG.run(AbstractRemoteTestNG.java:115)
	at org.testng.remote.RemoteTestNG.initAndRun(RemoteTestNG.java:251)
	at org.testng.remote.RemoteTestNG.main(RemoteTestNG.java:77)
]]>
            </full-stacktrace>
          </exception> <!-- java.lang.RuntimeException -->
          <reporter-output>
          </reporter-output>
        </test-method> <!-- EnterDataAndClickProceedClickSubmitWithManualModeCheckAknowledgePage -->
        <test-method is-config="true" signature="tearDown()[pri:0, instance:com.apcfss.tests.PDChallanTest@72ef8d15]" started-at="2023-06-07T16:51:27Z" name="tearDown" finished-at="2023-06-07T16:51:28Z" duration-ms="189" status="PASS">
          <reporter-output>
          </reporter-output>
        </test-method> <!-- tearDown -->
        <test-method is-config="true" signature="setUp()[pri:0, instance:com.apcfss.tests.PDChallanTest@72ef8d15]" started-at="2023-06-07T16:51:28Z" name="setUp" finished-at="2023-06-07T16:51:29Z" duration-ms="1315" status="PASS">
          <reporter-output>
          </reporter-output>
        </test-method> <!-- setUp -->
        <test-method signature="EnterDataAndClickProceedClickSubmitWithManualModeCheckAknowledgePageDetails()[pri:12, instance:com.apcfss.tests.PDChallanTest@72ef8d15]" started-at="2023-06-07T16:51:29Z" name="EnterDataAndClickProceedClickSubmitWithManualModeCheckAknowledgePageDetails" description="Select department and servive details and click on proceed button,Enter require remitter details and click on Submit button--&gt; should be able to navigate to SBI Aknowledgement Page" finished-at="2023-06-07T16:52:50Z" duration-ms="81425" status="FAIL">
          <exception class="java.lang.RuntimeException">
            <message>
              <![CDATA[Transaction Details Are not Displayed]]>
            </message>
            <full-stacktrace>
              <![CDATA[java.lang.RuntimeException: Transaction Details Are not Displayed
	at com.apcfss.pdchallan.pages.AknowledgementPage.isTranctionDetailsVisible(AknowledgementPage.java:27)
	at com.apcfss.tests.PDChallanTest.EnterDataAndClickProceedClickSubmitWithManualModeCheckAknowledgePageDetails(PDChallanTest.java:211)
	at java.base/jdk.internal.reflect.NativeMethodAccessorImpl.invoke0(Native Method)
	at java.base/jdk.internal.reflect.NativeMethodAccessorImpl.invoke(NativeMethodAccessorImpl.java:77)
	at java.base/jdk.internal.reflect.DelegatingMethodAccessorImpl.invoke(DelegatingMethodAccessorImpl.java:43)
	at java.base/java.lang.reflect.Method.invoke(Method.java:568)
	at org.testng.internal.MethodInvocationHelper.invokeMethod(MethodInvocationHelper.java:85)
	at org.testng.internal.Invoker.invokeMethod(Invoker.java:639)
	at org.testng.internal.Invoker.invokeTestMethod(Invoker.java:816)
	at org.testng.internal.Invoker.invokeTestMethods(Invoker.java:1124)
	at org.testng.internal.TestMethodWorker.invokeTestMethods(TestMethodWorker.java:125)
	at org.testng.internal.TestMethodWorker.run(TestMethodWorker.java:108)
	at org.testng.TestRunner.privateRun(TestRunner.java:774)
	at org.testng.TestRunner.run(TestRunner.java:624)
	at org.testng.SuiteRunner.runTest(SuiteRunner.java:359)
	at org.testng.SuiteRunner.runSequentially(SuiteRunner.java:354)
	at org.testng.SuiteRunner.privateRun(SuiteRunner.java:312)
	at org.testng.SuiteRunner.run(SuiteRunner.java:261)
	at org.testng.SuiteRunnerWorker.runSuite(SuiteRunnerWorker.java:52)
	at org.testng.SuiteRunnerWorker.run(SuiteRunnerWorker.java:86)
	at org.testng.TestNG.runSuitesSequentially(TestNG.java:1191)
	at org.testng.TestNG.runSuitesLocally(TestNG.java:1116)
	at org.testng.TestNG.run(TestNG.java:1024)
	at org.testng.remote.AbstractRemoteTestNG.run(AbstractRemoteTestNG.java:115)
	at org.testng.remote.RemoteTestNG.initAndRun(RemoteTestNG.java:251)
	at org.testng.remote.RemoteTestNG.main(RemoteTestNG.java:77)
]]>
            </full-stacktrace>
          </exception> <!-- java.lang.RuntimeException -->
          <reporter-output>
          </reporter-output>
        </test-method> <!-- EnterDataAndClickProceedClickSubmitWithManualModeCheckAknowledgePageDetails -->
        <test-method is-config="true" signature="tearDown()[pri:0, instance:com.apcfss.tests.PDChallanTest@72ef8d15]" started-at="2023-06-07T16:52:51Z" name="tearDown" finished-at="2023-06-07T16:52:51Z" duration-ms="137" status="PASS">
          <reporter-output>
          </reporter-output>
        </test-method> <!-- tearDown -->
        <test-method is-config="true" signature="setUp()[pri:0, instance:com.apcfss.tests.PDChallanTest@72ef8d15]" started-at="2023-06-07T16:52:51Z" name="setUp" finished-at="2023-06-07T16:52:52Z" duration-ms="1274" status="PASS">
          <reporter-output>
          </reporter-output>
        </test-method> <!-- setUp -->
        <test-method signature="EnterDataAndClickProceedClickSubmitWithRtgsStatus()[pri:13, instance:com.apcfss.tests.PDChallanTest@72ef8d15]" started-at="2023-06-07T16:52:52Z" name="EnterDataAndClickProceedClickSubmitWithRtgsStatus" description="Select department and servive details and click on proceed button,Enter require remitter details and click on Submit button--&gt; Should Be Clickable" finished-at="2023-06-07T16:53:17Z" duration-ms="25270" status="PASS">
          <reporter-output>
            <line>
              <![CDATA[Submit Button is Clicked successfully with RTGS Payment Mode radio button]]>
            </line>
          </reporter-output>
        </test-method> <!-- EnterDataAndClickProceedClickSubmitWithRtgsStatus -->
        <test-method is-config="true" signature="tearDown()[pri:0, instance:com.apcfss.tests.PDChallanTest@72ef8d15]" started-at="2023-06-07T16:53:17Z" name="tearDown" finished-at="2023-06-07T16:53:17Z" duration-ms="175" status="PASS">
          <reporter-output>
          </reporter-output>
        </test-method> <!-- tearDown -->
        <test-method is-config="true" signature="setUp()[pri:0, instance:com.apcfss.tests.PDChallanTest@72ef8d15]" started-at="2023-06-07T16:53:17Z" name="setUp" finished-at="2023-06-07T16:53:19Z" duration-ms="1451" status="PASS">
          <reporter-output>
          </reporter-output>
        </test-method> <!-- setUp -->
        <test-method signature="EnterDataAndClickProceedClickSubmitWithEpayClickPayU()[pri:14, instance:com.apcfss.tests.PDChallanTest@72ef8d15]" started-at="2023-06-07T16:53:19Z" name="EnterDataAndClickProceedClickSubmitWithEpayClickPayU" description="Select department and servive details and click on proceed button,Enter require remitter details and click on Submit button--&gt; should be able to navigate to Sbi Mops Page" finished-at="2023-06-07T16:53:45Z" duration-ms="26051" status="FAIL">
          <exception class="org.openqa.selenium.TimeoutException">
            <message>
              <![CDATA[Expected condition failed: waiting for url to contain "payu". Current url: "https://receipts.test.nidhi.apcfss.in/pdchallan" (tried for 10 second(s) with 500 milliseconds interval)
Build info: version: '3.141.59', revision: 'e82be7d358', time: '2018-11-14T08:17:03'
System info: host: 'PAVANKUMAR', ip: '172.17.205.58', os.name: 'Windows 11', os.arch: 'amd64', os.version: '10.0', java.version: '17.0.4.1'
Driver info: org.openqa.selenium.chrome.ChromeDriver
Capabilities {acceptInsecureCerts: false, browserName: chrome, browserVersion: 114.0.5735.110, chrome: {chromedriverVersion: 114.0.5735.90 (386bc09e8f4f..., userDataDir: C:\Users\tpkta\AppData\Loca...}, goog:chromeOptions: {debuggerAddress: localhost:56241}, javascriptEnabled: true, networkConnectionEnabled: false, pageLoadStrategy: normal, platform: WINDOWS, platformName: WINDOWS, proxy: Proxy(), setWindowRect: true, strictFileInteractability: false, timeouts: {implicit: 0, pageLoad: 300000, script: 30000}, unhandledPromptBehavior: dismiss and notify, webauthn:extension:credBlob: true, webauthn:extension:largeBlob: true, webauthn:extension:minPinLength: true, webauthn:extension:prf: true, webauthn:virtualAuthenticators: true}
Session ID: 0e8476fa16ff717e6469c2503168a7d9]]>
            </message>
            <full-stacktrace>
              <![CDATA[org.openqa.selenium.TimeoutException: Expected condition failed: waiting for url to contain "payu". Current url: "https://receipts.test.nidhi.apcfss.in/pdchallan" (tried for 10 second(s) with 500 milliseconds interval)
Build info: version: '3.141.59', revision: 'e82be7d358', time: '2018-11-14T08:17:03'
System info: host: 'PAVANKUMAR', ip: '172.17.205.58', os.name: 'Windows 11', os.arch: 'amd64', os.version: '10.0', java.version: '17.0.4.1'
Driver info: org.openqa.selenium.chrome.ChromeDriver
Capabilities {acceptInsecureCerts: false, browserName: chrome, browserVersion: 114.0.5735.110, chrome: {chromedriverVersion: 114.0.5735.90 (386bc09e8f4f..., userDataDir: C:\Users\tpkta\AppData\Loca...}, goog:chromeOptions: {debuggerAddress: localhost:56241}, javascriptEnabled: true, networkConnectionEnabled: false, pageLoadStrategy: normal, platform: WINDOWS, platformName: WINDOWS, proxy: Proxy(), setWindowRect: true, strictFileInteractability: false, timeouts: {implicit: 0, pageLoad: 300000, script: 30000}, unhandledPromptBehavior: dismiss and notify, webauthn:extension:credBlob: true, webauthn:extension:largeBlob: true, webauthn:extension:minPinLength: true, webauthn:extension:prf: true, webauthn:virtualAuthenticators: true}
Session ID: 0e8476fa16ff717e6469c2503168a7d9
	at org.openqa.selenium.support.ui.WebDriverWait.timeoutException(WebDriverWait.java:95)
	at org.openqa.selenium.support.ui.FluentWait.until(FluentWait.java:272)
	at com.apcfss.tests.PDChallanTest.EnterDataAndClickProceedClickSubmitWithEpayClickPayU(PDChallanTest.java:283)
	at java.base/jdk.internal.reflect.NativeMethodAccessorImpl.invoke0(Native Method)
	at java.base/jdk.internal.reflect.NativeMethodAccessorImpl.invoke(NativeMethodAccessorImpl.java:77)
	at java.base/jdk.internal.reflect.DelegatingMethodAccessorImpl.invoke(DelegatingMethodAccessorImpl.java:43)
	at java.base/java.lang.reflect.Method.invoke(Method.java:568)
	at org.testng.internal.MethodInvocationHelper.invokeMethod(MethodInvocationHelper.java:85)
	at org.testng.internal.Invoker.invokeMethod(Invoker.java:639)
	at org.testng.internal.Invoker.invokeTestMethod(Invoker.java:816)
	at org.testng.internal.Invoker.invokeTestMethods(Invoker.java:1124)
	at org.testng.internal.TestMethodWorker.invokeTestMethods(TestMethodWorker.java:125)
	at org.testng.internal.TestMethodWorker.run(TestMethodWorker.java:108)
	at org.testng.TestRunner.privateRun(TestRunner.java:774)
	at org.testng.TestRunner.run(TestRunner.java:624)
	at org.testng.SuiteRunner.runTest(SuiteRunner.java:359)
	at org.testng.SuiteRunner.runSequentially(SuiteRunner.java:354)
	at org.testng.SuiteRunner.privateRun(SuiteRunner.java:312)
	at org.testng.SuiteRunner.run(SuiteRunner.java:261)
	at org.testng.SuiteRunnerWorker.runSuite(SuiteRunnerWorker.java:52)
	at org.testng.SuiteRunnerWorker.run(SuiteRunnerWorker.java:86)
	at org.testng.TestNG.runSuitesSequentially(TestNG.java:1191)
	at org.testng.TestNG.runSuitesLocally(TestNG.java:1116)
	at org.testng.TestNG.run(TestNG.java:1024)
	at org.testng.remote.AbstractRemoteTestNG.run(AbstractRemoteTestNG.java:115)
	at org.testng.remote.RemoteTestNG.initAndRun(RemoteTestNG.java:251)
	at org.testng.remote.RemoteTestNG.main(RemoteTestNG.java:77)
]]>
            </full-stacktrace>
          </exception> <!-- org.openqa.selenium.TimeoutException -->
          <reporter-output>
          </reporter-output>
        </test-method> <!-- EnterDataAndClickProceedClickSubmitWithEpayClickPayU -->
        <test-method is-config="true" signature="tearDown()[pri:0, instance:com.apcfss.tests.PDChallanTest@72ef8d15]" started-at="2023-06-07T16:53:45Z" name="tearDown" finished-at="2023-06-07T16:53:45Z" duration-ms="171" status="PASS">
          <reporter-output>
          </reporter-output>
        </test-method> <!-- tearDown -->
        <test-method is-config="true" signature="setUp()[pri:0, instance:com.apcfss.tests.PDChallanTest@72ef8d15]" started-at="2023-06-07T16:53:45Z" name="setUp" finished-at="2023-06-07T16:53:47Z" duration-ms="1371" status="PASS">
          <reporter-output>
          </reporter-output>
        </test-method> <!-- setUp -->
        <test-method signature="EnterDataAndClickProceedClickSubmitWithEpayClickSbi()[pri:14, instance:com.apcfss.tests.PDChallanTest@72ef8d15]" started-at="2023-06-07T16:53:47Z" name="EnterDataAndClickProceedClickSubmitWithEpayClickSbi" description="Select department and servive details and click on proceed button,Enter require remitter details and click on Submit button--&gt; should be able to navigate to Sbi Mops Page" finished-at="2023-06-07T16:54:13Z" duration-ms="26428" status="FAIL">
          <exception class="org.openqa.selenium.TimeoutException">
            <message>
              <![CDATA[Expected condition failed: waiting for visibility of element located by By.xpath: //a[contains(@href,'sbi')] (tried for 20 second(s) with 500 milliseconds interval)]]>
            </message>
            <full-stacktrace>
              <![CDATA[org.openqa.selenium.TimeoutException: Expected condition failed: waiting for visibility of element located by By.xpath: //a[contains(@href,'sbi')] (tried for 20 second(s) with 500 milliseconds interval)
	at org.openqa.selenium.support.ui.WebDriverWait.timeoutException(WebDriverWait.java:95)
	at org.openqa.selenium.support.ui.FluentWait.until(FluentWait.java:272)
	at com.apcfss.factories.ExplicitWaitFactory.performExplicitWait(ExplicitWaitFactory.java:44)
	at com.apcfss.pages.BasePage.isDisplayed(BasePage.java:44)
	at com.apcfss.pdchallan.pages.SBIbankMops.presenceOfSbiLogo(SBIbankMops.java:12)
	at com.apcfss.tests.PDChallanTest.EnterDataAndClickProceedClickSubmitWithEpayClickSbi(PDChallanTest.java:242)
	at java.base/jdk.internal.reflect.NativeMethodAccessorImpl.invoke0(Native Method)
	at java.base/jdk.internal.reflect.NativeMethodAccessorImpl.invoke(NativeMethodAccessorImpl.java:77)
	at java.base/jdk.internal.reflect.DelegatingMethodAccessorImpl.invoke(DelegatingMethodAccessorImpl.java:43)
	at java.base/java.lang.reflect.Method.invoke(Method.java:568)
	at org.testng.internal.MethodInvocationHelper.invokeMethod(MethodInvocationHelper.java:85)
	at org.testng.internal.Invoker.invokeMethod(Invoker.java:639)
	at org.testng.internal.Invoker.invokeTestMethod(Invoker.java:816)
	at org.testng.internal.Invoker.invokeTestMethods(Invoker.java:1124)
	at org.testng.internal.TestMethodWorker.invokeTestMethods(TestMethodWorker.java:125)
	at org.testng.internal.TestMethodWorker.run(TestMethodWorker.java:108)
	at org.testng.TestRunner.privateRun(TestRunner.java:774)
	at org.testng.TestRunner.run(TestRunner.java:624)
	at org.testng.SuiteRunner.runTest(SuiteRunner.java:359)
	at org.testng.SuiteRunner.runSequentially(SuiteRunner.java:354)
	at org.testng.SuiteRunner.privateRun(SuiteRunner.java:312)
	at org.testng.SuiteRunner.run(SuiteRunner.java:261)
	at org.testng.SuiteRunnerWorker.runSuite(SuiteRunnerWorker.java:52)
	at org.testng.SuiteRunnerWorker.run(SuiteRunnerWorker.java:86)
	at org.testng.TestNG.runSuitesSequentially(TestNG.java:1191)
	at org.testng.TestNG.runSuitesLocally(TestNG.java:1116)
	at org.testng.TestNG.run(TestNG.java:1024)
	at org.testng.remote.AbstractRemoteTestNG.run(AbstractRemoteTestNG.java:115)
	at org.testng.remote.RemoteTestNG.initAndRun(RemoteTestNG.java:251)
	at org.testng.remote.RemoteTestNG.main(RemoteTestNG.java:77)
Caused by: org.openqa.selenium.NoSuchElementException: no such element: Unable to locate element: {"method":"xpath","selector":"//a[contains(@href,'sbi')]"}
  (Session info: chrome=114.0.5735.110)
For documentation on this error, please visit: https://www.seleniumhq.org/exceptions/no_such_element.html
Build info: version: '3.141.59', revision: 'e82be7d358', time: '2018-11-14T08:17:03'
System info: host: 'PAVANKUMAR', ip: '172.17.205.58', os.name: 'Windows 11', os.arch: 'amd64', os.version: '10.0', java.version: '17.0.4.1'
Driver info: org.openqa.selenium.chrome.ChromeDriver
Capabilities {acceptInsecureCerts: false, browserName: chrome, browserVersion: 114.0.5735.110, chrome: {chromedriverVersion: 114.0.5735.90 (386bc09e8f4f..., userDataDir: C:\Users\tpkta\AppData\Loca...}, goog:chromeOptions: {debuggerAddress: localhost:56273}, javascriptEnabled: true, networkConnectionEnabled: false, pageLoadStrategy: normal, platform: WINDOWS, platformName: WINDOWS, proxy: Proxy(), setWindowRect: true, strictFileInteractability: false, timeouts: {implicit: 0, pageLoad: 300000, script: 30000}, unhandledPromptBehavior: dismiss and notify, webauthn:extension:credBlob: true, webauthn:extension:largeBlob: true, webauthn:extension:minPinLength: true, webauthn:extension:prf: true, webauthn:virtualAuthenticators: true}
Session ID: 68181ca158aae180da2ae25749c57113
*** Element info: {Using=xpath, value=//a[contains(@href,'sbi')]}
	at java.base/jdk.internal.reflect.NativeConstructorAccessorImpl.newInstance0(Native Method)
	at java.base/jdk.internal.reflect.NativeConstructorAccessorImpl.newInstance(NativeConstructorAccessorImpl.java:77)
	at java.base/jdk.internal.reflect.DelegatingConstructorAccessorImpl.newInstance(DelegatingConstructorAccessorImpl.java:45)
	at java.base/java.lang.reflect.Constructor.newInstanceWithCaller(Constructor.java:499)
	at java.base/java.lang.reflect.Constructor.newInstance(Constructor.java:480)
	at org.openqa.selenium.remote.http.W3CHttpResponseCodec.createException(W3CHttpResponseCodec.java:187)
	at org.openqa.selenium.remote.http.W3CHttpResponseCodec.decode(W3CHttpResponseCodec.java:122)
	at org.openqa.selenium.remote.http.W3CHttpResponseCodec.decode(W3CHttpResponseCodec.java:49)
	at org.openqa.selenium.remote.HttpCommandExecutor.execute(HttpCommandExecutor.java:158)
	at org.openqa.selenium.remote.service.DriverCommandExecutor.execute(DriverCommandExecutor.java:83)
	at org.openqa.selenium.remote.RemoteWebDriver.execute(RemoteWebDriver.java:552)
	at org.openqa.selenium.remote.RemoteWebDriver.findElement(RemoteWebDriver.java:323)
	at org.openqa.selenium.remote.RemoteWebDriver.findElementByXPath(RemoteWebDriver.java:428)
	at org.openqa.selenium.By$ByXPath.findElement(By.java:353)
	at org.openqa.selenium.remote.RemoteWebDriver.findElement(RemoteWebDriver.java:315)
	at org.openqa.selenium.support.ui.ExpectedConditions$7.apply(ExpectedConditions.java:205)
	at org.openqa.selenium.support.ui.ExpectedConditions$7.apply(ExpectedConditions.java:201)
	at org.openqa.selenium.support.ui.FluentWait.until(FluentWait.java:249)
	... 28 more
]]>
            </full-stacktrace>
          </exception> <!-- org.openqa.selenium.TimeoutException -->
          <reporter-output>
          </reporter-output>
        </test-method> <!-- EnterDataAndClickProceedClickSubmitWithEpayClickSbi -->
        <test-method is-config="true" signature="tearDown()[pri:0, instance:com.apcfss.tests.PDChallanTest@72ef8d15]" started-at="2023-06-07T16:54:13Z" name="tearDown" finished-at="2023-06-07T16:54:13Z" duration-ms="154" status="PASS">
          <reporter-output>
          </reporter-output>
        </test-method> <!-- tearDown -->
      </class> <!-- com.apcfss.tests.PDChallanTest -->
    </test> <!-- Default test -->
  </suite> <!-- Default suite -->
</testng-results>
